    <><><><><><><><><><><><><><><><><><><><><><><><><><><><><><><>
                                ___
                             .-'   `'.
                            /         \
                            |         ;
                            |         |           ___.--,
                   _.._     |0) ~ (0) |    _.---'`__.-( (_.
            __.--'`_.. '.__.\    '--. \_.-' ,.--'`     `""`
           ( ,.--'`   ',__ /./;   ;, '.__.'`    __
           _`) )  .---.__.' / |   |\   \__..--""  """--.,_
          `---' .'.''-._.-'`_./  /\ '.  \ _.-~~~````~~~-._`-.__.'
                | |  .' _.-' |  |  \  \  '.               `~---`
                 \ \/ .'     \  \   '. '-._)
                  \/ /        \  \    `=.__`~-.
             jgs  / /\         `) )    / / `"".`\
            , _.-'.'\ \        / /    ( (     / /
             `--~`   ) )    .-'.'      '.'.  | (
                    (/`    ( (`          ) )  '-;
                     `      '-;         (-'

    This program is free software; you can redistribute it and/or modify
    it under the terms of the GNU General Public License as published by
    the Free Software Foundation; either version 2, or (at your option)
    any later version.

    This program is distributed in the hope that it will be useful,
    but WITHOUT ANY WARRANTY; without even the implied warranty of
    MERCHANTABILITY or FITNESS FOR A PARTICULAR PURPOSE.  See the
    GNU General Public License for more details.

    You should have received a copy of the GNU General Public License
    along with this program; if not, write to the Free Software
    Foundation, Inc., 51 Franklin Street, Fifth Floor, Boston, MA

    <><><><><><><><><><><><><><><><><><><><><><><><><><><><><><><>

                           Running octopus

Version                : 12.1
Commit                 :
Build time             : Wed Apr 10 13:56:05 PDT 2024
Configuration options  : maxdim3 openmp mpi sse2 avx libxc_fxc libxc_kxc
Optional libraries     : gdlib metis scalapack
Architecture           : x86_64
C compiler             : mpiicc (icc)
C compiler flags       : -O3 -qopt-zmm-usage=high -fma -g -traceback
C++ compiler           : mpiicpc (icpc)
C++ compiler flags     : -g -O2
Fortran compiler       : mpiifort (ifort) (Intel(R) Fortran Intel(R) 64 Compiler Classic for applications running on Intel(R) 64, Version 2021.4.0 Build 20210910_000000)
Fortran compiler flags : -O3 -fopenmp

          The octopus is swimming in node054.cluster (Linux)


            Calculation started on 2024/05/05 at 11:24:20


************************** Calculation Mode **************************
Input: [CalculationMode = gs]
**********************************************************************


******************************* Space ********************************
Octopus will run in 1 dimension(s).
Octopus will treat the system as periodic in 0 dimension(s).
**********************************************************************

Input: [PseudopotentialSet = standard]
Reading Coordinates from Coordinates block
Info: default mass for species null:    1.000000 amu.
Info: default vdW radius for species null:    0.000000 [b]

****************************** Species *******************************
Species "null" is a user-defined potential.
   Potential = 0
Number of orbitals:      5
**********************************************************************

Input: [CurvMethod = curv_affine]
Input: [DerivativesStencil = stencil_star]
Input: [SpinComponents = unpolarized]
Input: [SmearingFunction = semiconducting]
Input: [SymmetrizeDensity = no]

******************************* States *******************************
Total electronic charge  =        1.000
Number of states         =        1
States block-size        =        1
**********************************************************************


************************** Parallelization ***************************
Info: Octopus will run in *parallel*

      Number of processes           :      56
      Number of threads per process :       1

Info: Number of nodes in ParDomains  group:    56 (        1001)

** Warning:
**   I have fewer elements in a parallel group than recommended.
**   Maybe you should reduce the number of nodes.

Info: Octopus will waste at least  0.69% of computer time.
**********************************************************************


** Warning:
**   Could not find 'restart/partition' directory for restart.
**   No restart information will be read.

Info: Using METIS 5 multilevel k-way algorithm to partition the mesh.
Info: Mesh Partition restart information will be written to 'restart/partition'.
Info: Finished writing information to 'restart/partition'.
Info: Mesh partition:

      Partition quality:    0.286533E-03

                 Neighbours         Ghost points
      Average  :          2                    8
      Minimum  :          1                    4
      Maximum  :          2                    8

      Nodes in domain-group      1
        Neighbours     :         1        Local points    :        18
        Ghost points   :         4        Boundary points :         4
      Nodes in domain-group      2
        Neighbours     :         2        Local points    :        18
        Ghost points   :         8        Boundary points :         0
      Nodes in domain-group      3
        Neighbours     :         2        Local points    :        18
        Ghost points   :         8        Boundary points :         0
      Nodes in domain-group      4
        Neighbours     :         2        Local points    :        17
        Ghost points   :         8        Boundary points :         0
      Nodes in domain-group      5
        Neighbours     :         2        Local points    :        18
        Ghost points   :         8        Boundary points :         0
      Nodes in domain-group      6
        Neighbours     :         2        Local points    :        18
        Ghost points   :         8        Boundary points :         0
      Nodes in domain-group      7
        Neighbours     :         2        Local points    :        18
        Ghost points   :         8        Boundary points :         0
      Nodes in domain-group      8
        Neighbours     :         2        Local points    :        18
        Ghost points   :         8        Boundary points :         0
      Nodes in domain-group      9
        Neighbours     :         2        Local points    :        18
        Ghost points   :         8        Boundary points :         0
      Nodes in domain-group     10
        Neighbours     :         2        Local points    :        18
        Ghost points   :         8        Boundary points :         0
      Nodes in domain-group     11
        Neighbours     :         2        Local points    :        17
        Ghost points   :         8        Boundary points :         0
      Nodes in domain-group     12
        Neighbours     :         2        Local points    :        18
        Ghost points   :         8        Boundary points :         0
      Nodes in domain-group     13
        Neighbours     :         2        Local points    :        18
        Ghost points   :         8        Boundary points :         0
      Nodes in domain-group     14
        Neighbours     :         2        Local points    :        18
        Ghost points   :         8        Boundary points :         0
      Nodes in domain-group     15
        Neighbours     :         2        Local points    :        18
        Ghost points   :         8        Boundary points :         0
      Nodes in domain-group     16
        Neighbours     :         2        Local points    :        18
        Ghost points   :         8        Boundary points :         0
      Nodes in domain-group     17
        Neighbours     :         2        Local points    :        18
        Ghost points   :         8        Boundary points :         0
      Nodes in domain-group     18
        Neighbours     :         2        Local points    :        18
        Ghost points   :         8        Boundary points :         0
      Nodes in domain-group     19
        Neighbours     :         2        Local points    :        18
        Ghost points   :         8        Boundary points :         0
      Nodes in domain-group     20
        Neighbours     :         2        Local points    :        18
        Ghost points   :         8        Boundary points :         0
      Nodes in domain-group     21
        Neighbours     :         2        Local points    :        18
        Ghost points   :         8        Boundary points :         0
      Nodes in domain-group     22
        Neighbours     :         2        Local points    :        18
        Ghost points   :         8        Boundary points :         0
      Nodes in domain-group     23
        Neighbours     :         2        Local points    :        18
        Ghost points   :         8        Boundary points :         0
      Nodes in domain-group     24
        Neighbours     :         2        Local points    :        18
        Ghost points   :         8        Boundary points :         0
      Nodes in domain-group     25
        Neighbours     :         2        Local points    :        18
        Ghost points   :         8        Boundary points :         0
      Nodes in domain-group     26
        Neighbours     :         2        Local points    :        18
        Ghost points   :         8        Boundary points :         0
      Nodes in domain-group     27
        Neighbours     :         2        Local points    :        18
        Ghost points   :         8        Boundary points :         0
      Nodes in domain-group     28
        Neighbours     :         2        Local points    :        18
        Ghost points   :         8        Boundary points :         0
      Nodes in domain-group     29
        Neighbours     :         1        Local points    :        18
        Ghost points   :         4        Boundary points :         4
      Nodes in domain-group     30
        Neighbours     :         2        Local points    :        18
        Ghost points   :         8        Boundary points :         0
      Nodes in domain-group     31
        Neighbours     :         2        Local points    :        18
        Ghost points   :         8        Boundary points :         0
      Nodes in domain-group     32
        Neighbours     :         2        Local points    :        18
        Ghost points   :         8        Boundary points :         0
      Nodes in domain-group     33
        Neighbours     :         2        Local points    :        17
        Ghost points   :         8        Boundary points :         0
      Nodes in domain-group     34
        Neighbours     :         2        Local points    :        17
        Ghost points   :         8        Boundary points :         0
      Nodes in domain-group     35
        Neighbours     :         2        Local points    :        18
        Ghost points   :         8        Boundary points :         0
      Nodes in domain-group     36
        Neighbours     :         2        Local points    :        18
        Ghost points   :         8        Boundary points :         0
      Nodes in domain-group     37
        Neighbours     :         2        Local points    :        18
        Ghost points   :         8        Boundary points :         0
      Nodes in domain-group     38
        Neighbours     :         2        Local points    :        17
        Ghost points   :         8        Boundary points :         0
      Nodes in domain-group     39
        Neighbours     :         2        Local points    :        18
        Ghost points   :         8        Boundary points :         0
      Nodes in domain-group     40
        Neighbours     :         2        Local points    :        18
        Ghost points   :         8        Boundary points :         0
      Nodes in domain-group     41
        Neighbours     :         2        Local points    :        18
        Ghost points   :         8        Boundary points :         0
      Nodes in domain-group     42
        Neighbours     :         2        Local points    :        18
        Ghost points   :         8        Boundary points :         0
      Nodes in domain-group     43
        Neighbours     :         2        Local points    :        18
        Ghost points   :         8        Boundary points :         0
      Nodes in domain-group     44
        Neighbours     :         2        Local points    :        18
        Ghost points   :         8        Boundary points :         0
      Nodes in domain-group     45
        Neighbours     :         2        Local points    :        18
        Ghost points   :         8        Boundary points :         0
      Nodes in domain-group     46
        Neighbours     :         2        Local points    :        18
        Ghost points   :         8        Boundary points :         0
      Nodes in domain-group     47
        Neighbours     :         2        Local points    :        17
        Ghost points   :         8        Boundary points :         0
      Nodes in domain-group     48
        Neighbours     :         2        Local points    :        18
        Ghost points   :         8        Boundary points :         0
      Nodes in domain-group     49
        Neighbours     :         2        Local points    :        18
        Ghost points   :         8        Boundary points :         0
      Nodes in domain-group     50
        Neighbours     :         2        Local points    :        18
        Ghost points   :         8        Boundary points :         0
      Nodes in domain-group     51
        Neighbours     :         2        Local points    :        18
        Ghost points   :         8        Boundary points :         0
      Nodes in domain-group     52
        Neighbours     :         2        Local points    :        17
        Ghost points   :         8        Boundary points :         0
      Nodes in domain-group     53
        Neighbours     :         2        Local points    :        18
        Ghost points   :         8        Boundary points :         0
      Nodes in domain-group     54
        Neighbours     :         2        Local points    :        18
        Ghost points   :         8        Boundary points :         0
      Nodes in domain-group     55
        Neighbours     :         2        Local points    :        18
        Ghost points   :         8        Boundary points :         0
      Nodes in domain-group     56
        Neighbours     :         2        Local points    :        18
        Ghost points   :         8        Boundary points :         0

Info: Generating weights for finite-difference discretization of x-gradient
Info: Generating weights for finite-difference discretization of Laplacian

******************************** Grid ********************************
Simulation Box:
  Type = sphere
  Radius  [b] =   5.000
Main mesh:
  Spacing [b] = ( 0.010)    volume/point [b] =      0.01000
  # inner mesh =       1001
  # total mesh =       1009
  Grid Cutoff [H] = 49348.022005    Grid Cutoff [Ry] = 98696.044011
**********************************************************************

Info: states-block size = 0.0 MiB
Input: [StatesPack = yes]
Input: [StatesOrthogonalization = cholesky_serial]

**************************** Theory Level ****************************
Input: [TheoryLevel = independent_particles]
**********************************************************************


****************************** Hartree *******************************
Input: [DressedOrbitals = no]
The chosen Poisson solver is 'fast Fourier transform'
Input: [PoissonFFTKernel = spherical]
**********************************************************************

Info: FFT grid dimensions       = 2025
      Total grid size           = 2025 (      0.0 MiB )
Info: Poisson Cutoff Radius     =  10.1 b
Input: [FilterPotentials = filter_TS]
Input: [RelativisticCorrection = non_relativistic]
Input: [DFTULevel = dft_u_none]
Input: [MagneticConstrain = 0]

****************** Approximate memory requirements *******************
Mesh
  global  :       0.0 MiB
  local   :       0.0 MiB
  total   :       0.0 MiB

States
  real    :       0.0 MiB (par_kpoints + par_states + par_domains)
  complex :       0.0 MiB (par_kpoints + par_states + par_domains)

**********************************************************************

Info: Generating external potential
      done.
Info: Octopus initialization completed.
Info: Starting calculation mode.
Info: Allocating ground state wave-functions
Info: Blocks of states
      Block       1 contains       1 states:       1 -       1
Info: Ground-state allocation done.
Input: [MixField = none] (what to mix during SCF cycles)

**************************** Eigensolver *****************************
Input: [Eigensolver = cg]
Input: [Preconditioner = pre_filter]
Info: Generating weights for finite-difference discretization of Preconditioner
Input: [PreconditionerFilterFactor = 0.5000]
Input: [SubspaceDiagonalization = standard]
**********************************************************************

Input: [EigensolverSkipKpoints = no]
Input: [LCAOStart = lcao_states]
Input: [LCAOScaleFactor = 1.000]
Input: [LCAOMaximumOrbitalRadius = 20.00 b]
Info: Single-precision storage for     1 extra orbitals will be allocated.
Info: Unnormalized total charge =      1.000000
Info: Renormalized total charge =      1.000000
Info: Setting up Hamiltonian.
Info: Performing initial LCAO calculation with      2 orbitals.
Info: Getting Hamiltonian matrix elements.
ETA: .......1......2.......3......4......5.......6......7.......8......9......0

Eigenvalues [H]
 #st  Spin   Eigenvalue      Occupation
   1   --     1.925787       1.000000
Info: Ground-state restart information will be written to 'restart/gs'.
Info: SCF using real wavefunctions.
Info: Starting SCF iteration.
ETA: .......1......2.......3......4......5.......6......7.......8......9......0


*********************** SCF CYCLE ITER #    1 ************************
 etot  =  2.78440345E-01 abs_ev   =  1.65E+00 rel_ev   =  5.92E+00
 ediff =        2.78E-01 abs_dens =  5.14E-01 rel_dens =  5.14E-01
Matrix vector products:      4
Converged eigenvectors:      0

#  State  Eigenvalue [H]  Occupation    Error
      1        0.278440    1.000000   ( 1.6E+01)

Elapsed time for SCF step     1:          0.01
**********************************************************************

ETA: .......1......2.......3......4......5.......6......7.......8......9......0


*********************** SCF CYCLE ITER #    2 ************************
 etot  =  1.08731701E-01 abs_ev   =  1.70E-01 rel_ev   =  1.56E+00
 ediff =        1.70E-01 abs_dens =  5.64E-03 rel_dens =  5.64E-03
Matrix vector products:     13
Converged eigenvectors:      0

#  State  Eigenvalue [H]  Occupation    Error
      1        0.108732    1.000000   ( 3.1E+00)

Elapsed time for SCF step     2:          0.01
**********************************************************************

ETA: .......1......2.......3......4......5.......6......7.......8......9......0


*********************** SCF CYCLE ITER #    3 ************************
 etot  =  7.09373272E-02 abs_ev   =  3.78E-02 rel_ev   =  5.33E-01
 ediff =        3.78E-02 abs_dens =  1.02E-02 rel_dens =  1.02E-02
Matrix vector products:     27
Converged eigenvectors:      0

#  State  Eigenvalue [H]  Occupation    Error
      1        0.070937    1.000000   ( 9.1E-01)

Elapsed time for SCF step     3:          0.00
**********************************************************************

ETA: .......1......2.......3......4......5.......6......7.......8......9......0


*********************** SCF CYCLE ITER #    4 ************************
 etot  =  5.86402952E-02 abs_ev   =  1.23E-02 rel_ev   =  2.10E-01
 ediff =        1.23E-02 abs_dens =  1.37E-02 rel_dens =  1.37E-02
Matrix vector products:     27
Converged eigenvectors:      0

#  State  Eigenvalue [H]  Occupation    Error
      1        0.058640    1.000000   ( 6.1E-01)

Elapsed time for SCF step     4:          0.00
**********************************************************************

ETA: .......1......2.......3......4......5.......6......7.......8......9......0


*********************** SCF CYCLE ITER #    5 ************************
 etot  =  5.39124614E-02 abs_ev   =  4.73E-03 rel_ev   =  8.77E-02
 ediff =        4.73E-03 abs_dens =  1.57E-02 rel_dens =  1.57E-02
Matrix vector products:     27
Converged eigenvectors:      0

#  State  Eigenvalue [H]  Occupation    Error
      1        0.053912    1.000000   ( 2.9E-01)

Elapsed time for SCF step     5:          0.00
**********************************************************************

ETA: .......1......2.......3......4......5.......6......7.......8......9......0


*********************** SCF CYCLE ITER #    6 ************************
 etot  =  5.28793900E-02 abs_ev   =  1.03E-03 rel_ev   =  1.95E-02
 ediff =        1.03E-03 abs_dens =  5.82E-03 rel_dens =  5.82E-03
Matrix vector products:     27
Converged eigenvectors:      0

#  State  Eigenvalue [H]  Occupation    Error
      1        0.052879    1.000000   ( 2.3E-01)

Elapsed time for SCF step     6:          0.00
**********************************************************************

ETA: .......1......2.......3......4......5.......6......7.......8......9......0


*********************** SCF CYCLE ITER #    7 ************************
 etot  =  5.08764443E-02 abs_ev   =  2.00E-03 rel_ev   =  3.94E-02
 ediff =        2.00E-03 abs_dens =  2.05E-02 rel_dens =  2.05E-02
Matrix vector products:     27
Converged eigenvectors:      0

#  State  Eigenvalue [H]  Occupation    Error
      1        0.050876    1.000000   ( 1.5E-01)

Elapsed time for SCF step     7:          0.00
**********************************************************************

ETA: .......1......2.......3......4......5.......6......7.......8......9......0


*********************** SCF CYCLE ITER #    8 ************************
 etot  =  5.06530646E-02 abs_ev   =  2.23E-04 rel_ev   =  4.41E-03
 ediff =        2.23E-04 abs_dens =  3.08E-03 rel_dens =  3.08E-03
Matrix vector products:     27
Converged eigenvectors:      0

#  State  Eigenvalue [H]  Occupation    Error
      1        0.050653    1.000000   ( 1.2E-01)

Elapsed time for SCF step     8:          0.01
**********************************************************************

ETA: .......1......2.......3......4......5.......6......7.......8......9......0


*********************** SCF CYCLE ITER #    9 ************************
 etot  =  4.98269967E-02 abs_ev   =  8.26E-04 rel_ev   =  1.66E-02
 ediff =        8.26E-04 abs_dens =  2.31E-02 rel_dens =  2.31E-02
Matrix vector products:     27
Converged eigenvectors:      0

#  State  Eigenvalue [H]  Occupation    Error
      1        0.049827    1.000000   ( 1.0E-01)

Elapsed time for SCF step     9:          0.00
**********************************************************************

ETA: .......1......2.......3......4......5.......6......7.......8......9......0


*********************** SCF CYCLE ITER #   10 ************************
 etot  =  4.97570928E-02 abs_ev   =  6.99E-05 rel_ev   =  1.40E-03
 ediff =        6.99E-05 abs_dens =  2.17E-03 rel_dens =  2.17E-03
Matrix vector products:     27
Converged eigenvectors:      0

#  State  Eigenvalue [H]  Occupation    Error
      1        0.049757    1.000000   ( 5.7E-02)

Elapsed time for SCF step    10:          0.01
**********************************************************************

ETA: .......1......2.......3......4......5.......6......7.......8......9......0


*********************** SCF CYCLE ITER #   11 ************************
 etot  =  4.95815313E-02 abs_ev   =  1.76E-04 rel_ev   =  3.54E-03
 ediff =        1.76E-04 abs_dens =  1.02E-02 rel_dens =  1.02E-02
Matrix vector products:     27
Converged eigenvectors:      0

#  State  Eigenvalue [H]  Occupation    Error
      1        0.049582    1.000000   ( 6.2E-02)

Elapsed time for SCF step    11:          0.00
**********************************************************************

ETA: .......1......2.......3......4......5.......6......7.......8......9......0


*********************** SCF CYCLE ITER #   12 ************************
 etot  =  4.95445796E-02 abs_ev   =  3.70E-05 rel_ev   =  7.46E-04
 ediff =        3.70E-05 abs_dens =  1.79E-03 rel_dens =  1.79E-03
Matrix vector products:     27
Converged eigenvectors:      0

#  State  Eigenvalue [H]  Occupation    Error
      1        0.049545    1.000000   ( 5.6E-02)

Elapsed time for SCF step    12:          0.00
**********************************************************************

ETA: .......1......2.......3......4......5.......6......7.......8......9......0


*********************** SCF CYCLE ITER #   13 ************************
 etot  =  4.94620343E-02 abs_ev   =  8.25E-05 rel_ev   =  1.67E-03
 ediff =        8.25E-05 abs_dens =  5.40E-03 rel_dens =  5.40E-03
Matrix vector products:     27
Converged eigenvectors:      0

#  State  Eigenvalue [H]  Occupation    Error
      1        0.049462    1.000000   ( 4.8E-02)

Elapsed time for SCF step    13:          0.00
**********************************************************************

ETA: .......1......2.......3......4......5.......6......7.......8......9......0


*********************** SCF CYCLE ITER #   14 ************************
 etot  =  4.94373924E-02 abs_ev   =  2.46E-05 rel_ev   =  4.98E-04
 ediff =        2.46E-05 abs_dens =  1.67E-03 rel_dens =  1.67E-03
Matrix vector products:     27
Converged eigenvectors:      0

#  State  Eigenvalue [H]  Occupation    Error
      1        0.049437    1.000000   ( 4.2E-02)

Elapsed time for SCF step    14:          0.00
**********************************************************************

ETA: .......1......2.......3......4......5.......6......7.......8......9......0


*********************** SCF CYCLE ITER #   15 ************************
 etot  =  4.93921591E-02 abs_ev   =  4.52E-05 rel_ev   =  9.16E-04
 ediff =        4.52E-05 abs_dens =  3.77E-03 rel_dens =  3.77E-03
Matrix vector products:     27
Converged eigenvectors:      0

#  State  Eigenvalue [H]  Occupation    Error
      1        0.049392    1.000000   ( 4.2E-02)

Elapsed time for SCF step    15:          0.00
**********************************************************************

ETA: .......1......2.......3......4......5.......6......7.......8......9......0


*********************** SCF CYCLE ITER #   16 ************************
 etot  =  4.93719015E-02 abs_ev   =  2.03E-05 rel_ev   =  4.10E-04
 ediff =        2.03E-05 abs_dens =  1.66E-03 rel_dens =  1.66E-03
Matrix vector products:     27
Converged eigenvectors:      0

#  State  Eigenvalue [H]  Occupation    Error
      1        0.049372    1.000000   ( 3.6E-02)

Elapsed time for SCF step    16:          0.00
**********************************************************************

ETA: .......1......2.......3......4......5.......6......7.......8......9......0


*********************** SCF CYCLE ITER #   17 ************************
 etot  =  4.93571466E-02 abs_ev   =  1.48E-05 rel_ev   =  2.99E-04
 ediff =        1.48E-05 abs_dens =  1.33E-03 rel_dens =  1.33E-03
Matrix vector products:     27
Converged eigenvectors:      0

#  State  Eigenvalue [H]  Occupation    Error
      1        0.049357    1.000000   ( 3.5E-02)

Elapsed time for SCF step    17:          0.00
**********************************************************************

ETA: .......1......2.......3......4......5.......6......7.......8......9......0


*********************** SCF CYCLE ITER #   18 ************************
 etot  =  4.92685858E-02 abs_ev   =  8.86E-05 rel_ev   =  1.80E-03
 ediff =        8.86E-05 abs_dens =  9.80E-03 rel_dens =  9.80E-03
Matrix vector products:     27
Converged eigenvectors:      0

#  State  Eigenvalue [H]  Occupation    Error
      1        0.049269    1.000000   ( 4.5E-02)

Elapsed time for SCF step    18:          0.00
**********************************************************************

ETA: .......1......2.......3......4......5.......6......7.......8......9......0


*********************** SCF CYCLE ITER #   19 ************************
 etot  =  4.92611129E-02 abs_ev   =  7.47E-06 rel_ev   =  1.52E-04
 ediff =        7.47E-06 abs_dens =  8.40E-04 rel_dens =  8.40E-04
Matrix vector products:     27
Converged eigenvectors:      0

#  State  Eigenvalue [H]  Occupation    Error
      1        0.049261    1.000000   ( 2.4E-02)

Elapsed time for SCF step    19:          0.00
**********************************************************************

ETA: .......1......2.......3......4......5.......6......7.......8......9......0


*********************** SCF CYCLE ITER #   20 ************************
 etot  =  4.92413177E-02 abs_ev   =  1.98E-05 rel_ev   =  4.02E-04
 ediff =        1.98E-05 abs_dens =  2.98E-03 rel_dens =  2.98E-03
Matrix vector products:     27
Converged eigenvectors:      0

#  State  Eigenvalue [H]  Occupation    Error
      1        0.049241    1.000000   ( 3.0E-02)

Elapsed time for SCF step    20:          0.00
**********************************************************************

ETA: .......1......2.......3......4......5.......6......7.......8......9......0


*********************** SCF CYCLE ITER #   21 ************************
 etot  =  4.92352562E-02 abs_ev   =  6.06E-06 rel_ev   =  1.23E-04
 ediff =        6.06E-06 abs_dens =  9.28E-04 rel_dens =  9.28E-04
Matrix vector products:     27
Converged eigenvectors:      0

#  State  Eigenvalue [H]  Occupation    Error
      1        0.049235    1.000000   ( 2.4E-02)

Elapsed time for SCF step    21:          0.00
**********************************************************************

ETA: .......1......2.......3......4......5.......6......7.......8......9......0


*********************** SCF CYCLE ITER #   22 ************************
 etot  =  4.92272944E-02 abs_ev   =  7.96E-06 rel_ev   =  1.62E-04
 ediff =        7.96E-06 abs_dens =  1.37E-03 rel_dens =  1.37E-03
Matrix vector products:     27
Converged eigenvectors:      0

#  State  Eigenvalue [H]  Occupation    Error
      1        0.049227    1.000000   ( 2.7E-02)

Elapsed time for SCF step    22:          0.00
**********************************************************************

ETA: .......1......2.......3......4......5.......6......7.......8......9......0


*********************** SCF CYCLE ITER #   23 ************************
 etot  =  4.92188312E-02 abs_ev   =  8.46E-06 rel_ev   =  1.72E-04
 ediff =        8.46E-06 abs_dens =  1.59E-03 rel_dens =  1.59E-03
Matrix vector products:     27
Converged eigenvectors:      0

#  State  Eigenvalue [H]  Occupation    Error
      1        0.049219    1.000000   ( 2.4E-02)

Elapsed time for SCF step    23:          0.00
**********************************************************************

ETA: .......1......2.......3......4......5.......6......7.......8......9......0


*********************** SCF CYCLE ITER #   24 ************************
 etot  =  4.92149753E-02 abs_ev   =  3.86E-06 rel_ev   =  7.83E-05
 ediff =        3.86E-06 abs_dens =  7.11E-04 rel_dens =  7.11E-04
Matrix vector products:     27
Converged eigenvectors:      0

#  State  Eigenvalue [H]  Occupation    Error
      1        0.049215    1.000000   ( 2.3E-02)

Elapsed time for SCF step    24:          0.00
**********************************************************************

ETA: .......1......2.......3......4......5.......6......7.......8......9......0


*********************** SCF CYCLE ITER #   25 ************************
 etot  =  4.92061007E-02 abs_ev   =  8.87E-06 rel_ev   =  1.80E-04
 ediff =        8.87E-06 abs_dens =  1.92E-03 rel_dens =  1.92E-03
Matrix vector products:     27
Converged eigenvectors:      0

#  State  Eigenvalue [H]  Occupation    Error
      1        0.049206    1.000000   ( 2.4E-02)

Elapsed time for SCF step    25:          0.00
**********************************************************************

ETA: .......1......2.......3......4......5.......6......7.......8......9......0


*********************** SCF CYCLE ITER #   26 ************************
 etot  =  4.92034165E-02 abs_ev   =  2.68E-06 rel_ev   =  5.46E-05
 ediff =        2.68E-06 abs_dens =  5.64E-04 rel_dens =  5.64E-04
Matrix vector products:     27
Converged eigenvectors:      0

#  State  Eigenvalue [H]  Occupation    Error
      1        0.049203    1.000000   ( 2.2E-02)

Elapsed time for SCF step    26:          0.00
**********************************************************************

ETA: .......1......2.......3......4......5.......6......7.......8......9......0


*********************** SCF CYCLE ITER #   27 ************************
 etot  =  4.91960902E-02 abs_ev   =  7.33E-06 rel_ev   =  1.49E-04
 ediff =        7.33E-06 abs_dens =  1.86E-03 rel_dens =  1.86E-03
Matrix vector products:     27
Converged eigenvectors:      0

#  State  Eigenvalue [H]  Occupation    Error
      1        0.049196    1.000000   ( 2.7E-02)

Elapsed time for SCF step    27:          0.00
**********************************************************************

ETA: .......1......2.......3......4......5.......6......7.......8......9......0


*********************** SCF CYCLE ITER #   28 ************************
 etot  =  4.91946108E-02 abs_ev   =  1.48E-06 rel_ev   =  3.01E-05
 ediff =        1.48E-06 abs_dens =  3.45E-04 rel_dens =  3.45E-04
Matrix vector products:     27
Converged eigenvectors:      0

#  State  Eigenvalue [H]  Occupation    Error
      1        0.049195    1.000000   ( 2.1E-02)

Elapsed time for SCF step    28:          0.00
**********************************************************************

ETA: .......1......2.......3......4......5.......6......7.......8......9......0


*********************** SCF CYCLE ITER #   29 ************************
 etot  =  4.91777133E-02 abs_ev   =  1.69E-05 rel_ev   =  3.44E-04
 ediff =        1.69E-05 abs_dens =  6.31E-03 rel_dens =  6.31E-03
Matrix vector products:     27
Converged eigenvectors:      0

#  State  Eigenvalue [H]  Occupation    Error
      1        0.049178    1.000000   ( 2.1E-02)

Elapsed time for SCF step    29:          0.00
**********************************************************************

ETA: .......1......2.......3......4......5.......6......7.......8......9......0


*********************** SCF CYCLE ITER #   30 ************************
 etot  =  4.91769207E-02 abs_ev   =  7.93E-07 rel_ev   =  1.61E-05
 ediff =        7.93E-07 abs_dens =  1.93E-04 rel_dens =  1.93E-04
Matrix vector products:     27
Converged eigenvectors:      0

#  State  Eigenvalue [H]  Occupation    Error
      1        0.049177    1.000000   ( 1.7E-02)

Elapsed time for SCF step    30:          0.00
**********************************************************************

ETA: .......1......2.......3......4......5.......6......7.......8......9......0


*********************** SCF CYCLE ITER #   31 ************************
 etot  =  4.91728842E-02 abs_ev   =  4.04E-06 rel_ev   =  8.21E-05
 ediff =        4.04E-06 abs_dens =  3.01E-03 rel_dens =  3.01E-03
Matrix vector products:     27
Converged eigenvectors:      0

#  State  Eigenvalue [H]  Occupation    Error
      1        0.049173    1.000000   ( 1.5E-02)

Elapsed time for SCF step    31:          0.00
**********************************************************************

ETA: .......1......2.......3......4......5.......6......7.......8......9......0


*********************** SCF CYCLE ITER #   32 ************************
 etot  =  4.91727252E-02 abs_ev   =  1.59E-07 rel_ev   =  3.23E-06
 ediff =        1.59E-07 abs_dens =  9.68E-05 rel_dens =  9.68E-05
Matrix vector products:     27
Converged eigenvectors:      0

#  State  Eigenvalue [H]  Occupation    Error
      1        0.049173    1.000000   ( 1.5E-02)

Elapsed time for SCF step    32:          0.00
**********************************************************************

ETA: .......1......2.......3......4......5.......6......7.......8......9......0


*********************** SCF CYCLE ITER #   33 ************************
 etot  =  4.91717471E-02 abs_ev   =  9.78E-07 rel_ev   =  1.99E-05
 ediff =        9.78E-07 abs_dens =  1.39E-03 rel_dens =  1.39E-03
Matrix vector products:     27
Converged eigenvectors:      0

#  State  Eigenvalue [H]  Occupation    Error
      1        0.049172    1.000000   ( 1.4E-02)

Elapsed time for SCF step    33:          0.00
**********************************************************************

ETA: .......1......2.......3......4......5.......6......7.......8......9......0


*********************** SCF CYCLE ITER #   34 ************************
 etot  =  4.91716991E-02 abs_ev   =  4.79E-08 rel_ev   =  9.75E-07
 ediff =        4.79E-08 abs_dens =  5.09E-05 rel_dens =  5.09E-05
Matrix vector products:     27
Converged eigenvectors:      0

#  State  Eigenvalue [H]  Occupation    Error
      1        0.049172    1.000000   ( 1.3E-02)

Elapsed time for SCF step    34:          0.00
**********************************************************************

ETA: .......1......2.......3......4......5.......6......7.......8......9......0


*********************** SCF CYCLE ITER #   35 ************************
 etot  =  4.91716097E-02 abs_ev   =  8.94E-08 rel_ev   =  1.82E-06
 ediff =        8.94E-08 abs_dens =  1.85E-04 rel_dens =  1.85E-04
Matrix vector products:     27
Converged eigenvectors:      0

#  State  Eigenvalue [H]  Occupation    Error
      1        0.049172    1.000000   ( 1.3E-02)

Elapsed time for SCF step    35:          0.00
**********************************************************************

ETA: .......1......2.......3......4......5.......6......7.......8......9......0


*********************** SCF CYCLE ITER #   36 ************************
 etot  =  4.91714877E-02 abs_ev   =  1.22E-07 rel_ev   =  2.48E-06
 ediff =        1.22E-07 abs_dens =  2.97E-04 rel_dens =  2.97E-04
Matrix vector products:     27
Converged eigenvectors:      0

#  State  Eigenvalue [H]  Occupation    Error
      1        0.049171    1.000000   ( 1.2E-02)

Elapsed time for SCF step    36:          0.00
**********************************************************************

ETA: .......1......2.......3......4......5.......6......7.......8......9......0


*********************** SCF CYCLE ITER #   37 ************************
 etot  =  4.91714748E-02 abs_ev   =  1.29E-08 rel_ev   =  2.63E-07
 ediff =        1.29E-08 abs_dens =  3.13E-05 rel_dens =  3.13E-05
Matrix vector products:     27
Converged eigenvectors:      0

#  State  Eigenvalue [H]  Occupation    Error
      1        0.049171    1.000000   ( 1.2E-02)

Elapsed time for SCF step    37:          0.00
**********************************************************************

ETA: .......1......2.......3......4......5.......6......7.......8......9......0


*********************** SCF CYCLE ITER #   38 ************************
 etot  =  4.91712809E-02 abs_ev   =  1.94E-07 rel_ev   =  3.94E-06
 ediff =        1.94E-07 abs_dens =  7.68E-04 rel_dens =  7.68E-04
Matrix vector products:     27
Converged eigenvectors:      0

#  State  Eigenvalue [H]  Occupation    Error
      1        0.049171    1.000000   ( 1.1E-02)

Elapsed time for SCF step    38:          0.00
**********************************************************************

ETA: .......1......2.......3......4......5.......6......7.......8......9......0


*********************** SCF CYCLE ITER #   39 ************************
 etot  =  4.91712775E-02 abs_ev   =  3.39E-09 rel_ev   =  6.90E-08
 ediff =        3.39E-09 abs_dens =  1.34E-05 rel_dens =  1.34E-05
Matrix vector products:     27
Converged eigenvectors:      0

#  State  Eigenvalue [H]  Occupation    Error
      1        0.049171    1.000000   ( 1.1E-02)

Elapsed time for SCF step    39:          0.00
**********************************************************************

ETA: .......1......2.......3......4......5.......6......7.......8......9......0


*********************** SCF CYCLE ITER #   40 ************************
 etot  =  4.91712614E-02 abs_ev   =  1.62E-08 rel_ev   =  3.29E-07
 ediff =        1.62E-08 abs_dens =  1.33E-04 rel_dens =  1.33E-04
Matrix vector products:     27
Converged eigenvectors:      0

#  State  Eigenvalue [H]  Occupation    Error
      1        0.049171    1.000000   ( 1.0E-02)

Elapsed time for SCF step    40:          0.00
**********************************************************************

ETA: .......1......2.......3......4......5.......6......7.......8......9......0


*********************** SCF CYCLE ITER #   41 ************************
 etot  =  4.91712595E-02 abs_ev   =  1.89E-09 rel_ev   =  3.84E-08
 ediff =        1.89E-09 abs_dens =  1.61E-05 rel_dens =  1.61E-05
Matrix vector products:     27
Converged eigenvectors:      0

#  State  Eigenvalue [H]  Occupation    Error
      1        0.049171    1.000000   ( 1.0E-02)

Elapsed time for SCF step    41:          0.00
**********************************************************************

ETA: .......1......2.......3......4......5.......6......7.......8......9......0


*********************** SCF CYCLE ITER #   42 ************************
 etot  =  4.91712569E-02 abs_ev   =  2.61E-09 rel_ev   =  5.31E-08
 ediff =        2.61E-09 abs_dens =  2.78E-05 rel_dens =  2.78E-05
Matrix vector products:     27
Converged eigenvectors:      0

#  State  Eigenvalue [H]  Occupation    Error
      1        0.049171    1.000000   ( 9.9E-03)

Elapsed time for SCF step    42:          0.00
**********************************************************************

ETA: .......1......2.......3......4......5.......6......7.......8......9......0


*********************** SCF CYCLE ITER #   43 ************************
 etot  =  4.91712556E-02 abs_ev   =  1.26E-09 rel_ev   =  2.56E-08
 ediff =        1.26E-09 abs_dens =  1.33E-05 rel_dens =  1.33E-05
Matrix vector products:     27
Converged eigenvectors:      0

#  State  Eigenvalue [H]  Occupation    Error
      1        0.049171    1.000000   ( 9.8E-03)

Elapsed time for SCF step    43:          0.00
**********************************************************************

ETA: .......1......2.......3......4......5.......6......7.......8......9......0


*********************** SCF CYCLE ITER #   44 ************************
 etot  =  4.91712525E-02 abs_ev   =  3.12E-09 rel_ev   =  6.34E-08
 ediff =        3.12E-09 abs_dens =  3.77E-05 rel_dens =  3.77E-05
Matrix vector products:     27
Converged eigenvectors:      0

#  State  Eigenvalue [H]  Occupation    Error
      1        0.049171    1.000000   ( 9.5E-03)

Elapsed time for SCF step    44:          0.00
**********************************************************************

ETA: .......1......2.......3......4......5.......6......7.......8......9......0


*********************** SCF CYCLE ITER #   45 ************************
 etot  =  4.91712519E-02 abs_ev   =  5.50E-10 rel_ev   =  1.12E-08
 ediff =        5.50E-10 abs_dens =  6.44E-06 rel_dens =  6.44E-06
Matrix vector products:     27
Converged eigenvectors:      0

#  State  Eigenvalue [H]  Occupation    Error
      1        0.049171    1.000000   ( 9.5E-03)

Elapsed time for SCF step    45:          0.00
**********************************************************************

ETA: .......1......2.......3......4......5.......6......7.......8......9......0


*********************** SCF CYCLE ITER #   46 ************************
 etot  =  4.91712438E-02 abs_ev   =  8.12E-09 rel_ev   =  1.65E-07
 ediff =        8.12E-09 abs_dens =  1.46E-04 rel_dens =  1.46E-04
Matrix vector products:     27
Converged eigenvectors:      0

#  State  Eigenvalue [H]  Occupation    Error
      1        0.049171    1.000000   ( 8.4E-03)

Elapsed time for SCF step    46:          0.00
**********************************************************************

ETA: .......1......2.......3......4......5.......6......7.......8......9......0


*********************** SCF CYCLE ITER #   47 ************************
 etot  =  4.91712436E-02 abs_ev   =  1.66E-10 rel_ev   =  3.38E-09
 ediff =        1.66E-10 abs_dens =  3.04E-06 rel_dens =  3.04E-06
Matrix vector products:     27
Converged eigenvectors:      0

#  State  Eigenvalue [H]  Occupation    Error
      1        0.049171    1.000000   ( 8.3E-03)

Elapsed time for SCF step    47:          0.00
**********************************************************************

ETA: .......1......2.......3......4......5.......6......7.......8......9......0


*********************** SCF CYCLE ITER #   48 ************************
 etot  =  4.91712428E-02 abs_ev   =  8.69E-10 rel_ev   =  1.77E-08
 ediff =        8.69E-10 abs_dens =  2.58E-05 rel_dens =  2.58E-05
Matrix vector products:     27
Converged eigenvectors:      0

#  State  Eigenvalue [H]  Occupation    Error
      1        0.049171    1.000000   ( 7.9E-03)

Elapsed time for SCF step    48:          0.00
**********************************************************************

ETA: .......1......2.......3......4......5.......6......7.......8......9......0


*********************** SCF CYCLE ITER #   49 ************************
 etot  =  4.91712427E-02 abs_ev   =  1.09E-10 rel_ev   =  2.21E-09
 ediff =        1.09E-10 abs_dens =  2.92E-06 rel_dens =  2.92E-06
Matrix vector products:     27
Converged eigenvectors:      0

#  State  Eigenvalue [H]  Occupation    Error
      1        0.049171    1.000000   ( 7.8E-03)

Elapsed time for SCF step    49:          0.00
**********************************************************************

ETA: .......1......2.......3......4......5.......6......7.......8......9......0


*********************** SCF CYCLE ITER #   50 ************************
 etot  =  4.91712426E-02 abs_ev   =  7.72E-11 rel_ev   =  1.57E-09
 ediff =        7.72E-11 abs_dens =  2.44E-06 rel_dens =  2.44E-06
Matrix vector products:     27
Converged eigenvectors:      0

#  State  Eigenvalue [H]  Occupation    Error
      1        0.049171    1.000000   ( 7.8E-03)

Elapsed time for SCF step    50:          0.00
**********************************************************************


             Info: Writing states. 2024/05/05 at 11:24:21


        Info: Finished writing states. 2024/05/05 at 11:24:21

ETA: .......1......2.......3......4......5.......6......7.......8......9......0


*********************** SCF CYCLE ITER #   51 ************************
 etot  =  4.91712421E-02 abs_ev   =  4.73E-10 rel_ev   =  9.61E-09
 ediff =        4.73E-10 abs_dens =  1.66E-05 rel_dens =  1.66E-05
Matrix vector products:     27
Converged eigenvectors:      0

#  State  Eigenvalue [H]  Occupation    Error
      1        0.049171    1.000000   ( 7.4E-03)

Elapsed time for SCF step    51:          0.04
**********************************************************************

ETA: .......1......2.......3......4......5.......6......7.......8......9......0


*********************** SCF CYCLE ITER #   52 ************************
 etot  =  4.91712419E-02 abs_ev   =  2.04E-10 rel_ev   =  4.14E-09
 ediff =        2.04E-10 abs_dens =  7.59E-06 rel_dens =  7.59E-06
Matrix vector products:     27
Converged eigenvectors:      0

#  State  Eigenvalue [H]  Occupation    Error
      1        0.049171    1.000000   ( 7.2E-03)

Elapsed time for SCF step    52:          0.00
**********************************************************************

ETA: .......1......2.......3......4......5.......6......7.......8......9......0


*********************** SCF CYCLE ITER #   53 ************************
 etot  =  4.91712418E-02 abs_ev   =  8.34E-11 rel_ev   =  1.70E-09
 ediff =        8.34E-11 abs_dens =  3.09E-06 rel_dens =  3.09E-06
Matrix vector products:     27
Converged eigenvectors:      0

#  State  Eigenvalue [H]  Occupation    Error
      1        0.049171    1.000000   ( 7.1E-03)

Elapsed time for SCF step    53:          0.00
**********************************************************************

ETA: .......1......2.......3......4......5.......6......7.......8......9......0


*********************** SCF CYCLE ITER #   54 ************************
 etot  =  4.91712418E-02 abs_ev   =  6.05E-11 rel_ev   =  1.23E-09
 ediff =        6.05E-11 abs_dens =  2.23E-06 rel_dens =  2.23E-06
Matrix vector products:     27
Converged eigenvectors:      0

#  State  Eigenvalue [H]  Occupation    Error
      1        0.049171    1.000000   ( 7.0E-03)

Elapsed time for SCF step    54:          0.00
**********************************************************************

ETA: .......1......2.......3......4......5.......6......7.......8......9......0


*********************** SCF CYCLE ITER #   55 ************************
 etot  =  4.91712416E-02 abs_ev   =  1.93E-10 rel_ev   =  3.92E-09
 ediff =        1.93E-10 abs_dens =  7.64E-06 rel_dens =  7.64E-06
Matrix vector products:     27
Converged eigenvectors:      0

#  State  Eigenvalue [H]  Occupation    Error
      1        0.049171    1.000000   ( 6.8E-03)

Elapsed time for SCF step    55:          0.00
**********************************************************************

ETA: .......1......2.......3......4......5.......6......7.......8......9......0


*********************** SCF CYCLE ITER #   56 ************************
 etot  =  4.91712415E-02 abs_ev   =  3.62E-11 rel_ev   =  7.35E-10
 ediff =        3.62E-11 abs_dens =  1.33E-06 rel_dens =  1.33E-06
Matrix vector products:     27
Converged eigenvectors:      0

#  State  Eigenvalue [H]  Occupation    Error
      1        0.049171    1.000000   ( 6.7E-03)

Elapsed time for SCF step    56:          0.00
**********************************************************************

ETA: .......1......2.......3......4......5.......6......7.......8......9......0


*********************** SCF CYCLE ITER #   57 ************************
 etot  =  4.91712413E-02 abs_ev   =  2.55E-10 rel_ev   =  5.18E-09
 ediff =        2.55E-10 abs_dens =  1.06E-05 rel_dens =  1.06E-05
Matrix vector products:     27
Converged eigenvectors:      0

#  State  Eigenvalue [H]  Occupation    Error
      1        0.049171    1.000000   ( 6.3E-03)

Elapsed time for SCF step    57:          0.00
**********************************************************************

ETA: .......1......2.......3......4......5.......6......7.......8......9......0


*********************** SCF CYCLE ITER #   58 ************************
 etot  =  4.91712413E-02 abs_ev   =  2.65E-11 rel_ev   =  5.39E-10
 ediff =        2.65E-11 abs_dens =  8.78E-07 rel_dens =  8.78E-07
Matrix vector products:     27
Converged eigenvectors:      0

#  State  Eigenvalue [H]  Occupation    Error
      1        0.049171    1.000000   ( 6.3E-03)

Elapsed time for SCF step    58:          0.00
**********************************************************************

ETA: .......1......2.......3......4......5.......6......7.......8......9......0


*********************** SCF CYCLE ITER #   59 ************************
 etot  =  4.91712411E-02 abs_ev   =  1.25E-10 rel_ev   =  2.54E-09
 ediff =        1.25E-10 abs_dens =  4.55E-06 rel_dens =  4.55E-06
Matrix vector products:     27
Converged eigenvectors:      0

#  State  Eigenvalue [H]  Occupation    Error
      1        0.049171    1.000000   ( 6.0E-03)

Elapsed time for SCF step    59:          0.00
**********************************************************************

ETA: .......1......2.......3......4......5.......6......7.......8......9......0


*********************** SCF CYCLE ITER #   60 ************************
 etot  =  4.91712411E-02 abs_ev   =  8.24E-11 rel_ev   =  1.68E-09
 ediff =        8.24E-11 abs_dens =  2.79E-06 rel_dens =  2.79E-06
Matrix vector products:     27
Converged eigenvectors:      0

#  State  Eigenvalue [H]  Occupation    Error
      1        0.049171    1.000000   ( 5.8E-03)

Elapsed time for SCF step    60:          0.00
**********************************************************************

ETA: .......1......2.......3......4......5.......6......7.......8......9......0


*********************** SCF CYCLE ITER #   61 ************************
 etot  =  4.91712410E-02 abs_ev   =  2.56E-11 rel_ev   =  5.20E-10
 ediff =        2.56E-11 abs_dens =  8.03E-07 rel_dens =  8.03E-07
Matrix vector products:     27
Converged eigenvectors:      0

#  State  Eigenvalue [H]  Occupation    Error
      1        0.049171    1.000000   ( 5.8E-03)

Elapsed time for SCF step    61:          0.00
**********************************************************************

ETA: .......1......2.......3......4......5.......6......7.......8......9......0


*********************** SCF CYCLE ITER #   62 ************************
 etot  =  4.91712410E-02 abs_ev   =  2.64E-11 rel_ev   =  5.37E-10
 ediff =        2.64E-11 abs_dens =  8.10E-07 rel_dens =  8.10E-07
Matrix vector products:     27
Converged eigenvectors:      0

#  State  Eigenvalue [H]  Occupation    Error
      1        0.049171    1.000000   ( 5.7E-03)

Elapsed time for SCF step    62:          0.00
**********************************************************************


             Info: Writing states. 2024/05/05 at 11:24:21


        Info: Finished writing states. 2024/05/05 at 11:24:21

Info: SCF converged in   62 iterations

Info: Number of matrix-vector products:       1637

** Warning:
**   Some of the states are not fully converged!

Info: Finished writing information to 'restart/gs'.

             Calculation ended on 2024/05/05 at 11:24:21

                          Walltime:  01.251s

Octopus emitted 3 warnings.
