# Octopus parser started
ExperimentalFeatures = 0		# default
Debug = 0		# default
DebugTrapSignals = 1		# default
Walltime = 0		# default
RestartWriteTime = 5		# default
RestartWallTimePeriod = 120		# default
ReportMemory = 0		# default
CalculationMode = 3
stdout = "-"		# default
stderr = "-"		# default
WorkDir = "."		# default
ProfilingMode = 0		# default
UnitsOutput = 0		# default
UnitsXYZFiles = 1		# default
DisableAccel = 1		# default
FFTOptimize = 1		# default
FFTPreparePlan = 0		# default
FFTLibrary = 1		# default
PNFFTCutoff = 6		# default
PNFFTOversampling = 2		# default
Dimensions = 1
PeriodicDimensions = 0		# default
Dimensions = 1
PeriodicDimensions = 0		# default
PseudopotentialSet = 1		# default
Opened block 'Coordinates'
Coordinates[0][0] = "H"
Coordinates[0][1] = -10
Closed block 'Coordinates'
Opened block 'Species'
Species[0][0] = "H"
Species[0][1] = -128
Species[0][2] = -10009
Species[0][3] = 1
Species[0][4] = -10006
Species[0][5] = 1
Closed block 'Species'
SpinComponents = 2
SpeciesTimeDependent = 0		# default
SymmetriesCompute = 0		# default
SymmetriesTolerance = 1e-05		# default
EwaldAlpha = 0.21		# default
ForceTotalEnforce = 0		# default
BoxShape = 3		# default
Radius = 50
Spacing = 0.15
CurvMethod = 1		# default
DerivativesStencil = 1		# default
DerivativesOrder = 4		# default
ParallelizationOfDerivatives = 2		# default
MeshIndexType = 1		# default
MeshOrder = 1		# default
MeshBlockDirection = 1		# default
MeshOrder = 1		# default
MeshBlockDirection = 1		# default
KPointsUseSymmetries = 0		# default
KPointsUseTimeReversal = 0		# default
SpinComponents = 2
ExcessCharge = -1
TotalStates = 0		# default
ExtraStates = 1
ExtraStatesToConverge = 1		# default
StatesBlockSize = 2		# default
OnlyUserDefinedInitialStates = 0		# default
StatesRandomization = 1		# default
RestartFixedOccupations = 0
Opened block 'Occupations'
Occupations[0][0] = 1
Occupations[0][1] = 1
Occupations[1][0] = 0
Occupations[1][1] = 0
Closed block 'Occupations'
RestartReorderOccs = 0		# default
NParticleModelmb = 0		# default
SymmetrizeDensity = 0		# default
ForceComplex = 0		# default
ELFWithCurrentTerm = 1		# default
ReorderRanks = 0		# default
ParDomains = -1		# default
ParStates = -1		# default
ParKPoints = -1		# default
ParOther = 0		# default
ParallelizationNumberSlaves = 0		# default
ScaLAPACKCompatible = 0		# default
MeshPartitionVirtualSize = 14		# default
MeshPartitionPackage = 1		# default
MeshPartitionStencil = 1		# default
MeshPartition = 2		# default
RestartWrite = 1		# default
MeshUseTopology = 0		# default
MeshLocalOrder = 1		# default
MeshLocalBlockDirection = 1		# default
PartitionPrint = 1		# default
OperateDouble = 1		# default
OperateComplex = 1		# default
OperateSingle = 0		# default
OperateComplexSingle = 0		# default
NLOperatorCompactBoundaries = 0		# default
Opened block 'Output'
Output[0][0] = 2
OutputInterval = 50		# default
OutputFormat = 1
Output[1][0] = 1
OutputInterval = 50		# default
OutputFormat = 1
Closed block 'Output'
OutputDuringSCF = 0		# default
RestartWriteInterval = 50		# default
OutputIterDir = "output_iter"		# default
StatesPack = 1		# default
StatesOrthogonalization = 2		# default
StatesCLDeviceMemory = -512		# default
XCFunctional = 18021		# default
XCKernel = 18021		# default
XCKernelLRCAlpha = 0		# default
XCDensityCorrection = 0		# default
ParallelXC = 1		# default
Interaction1D = 1		# default
Interaction1DScreening = 1		# default
Interaction1D = 1		# default
Interaction1DScreening = 1		# default
Interaction1D = 1		# default
Interaction1DScreening = 1		# default
Interaction1D = 1		# default
Interaction1DScreening = 1		# default
Interaction1D = 1		# default
Interaction1DScreening = 1		# default
Interaction1D = 1		# default
Interaction1DScreening = 1		# default
Interaction1D = 1		# default
Interaction1DScreening = 1		# default
Interaction1D = 1		# default
Interaction1DScreening = 1		# default
TheoryLevel = 4		# default
SICCorrection = 1		# default
CurrentDensity = 2		# default
VDWCorrection = 0		# default
EnablePhotons = 0		# default
Dimensions = 1
PeriodicDimensions = 0		# default
GaugeFieldDynamics = 1		# default
GaugeFieldPropagate = 0		# default
GaugeFieldDelay = 0		# default
ParticleMass = 1		# default
RashbaSpinOrbitCoupling = 0		# default
DressedOrbitals = 0		# default
ParallelizationPoissonAllNodes = 1		# default
PoissonSolver = 0		# default
FFTLibrary = 1		# default
PoissonFFTKernel = 0		# default
PoissonSolverPSolverParallelData = 1		# default
DoubleFFTParameter = 2		# default
Poisson1DSoftCoulombParam = 1		# default
PoissonCutoffRadius = 102.375		# default
FilterPotentials = 2		# default
GyromagneticRatio = 2.00232		# default
RelativisticCorrection = 0		# default
TDDeltaKickTime = 0		# default
TDDeltaStrength = 0		# default
CalculateSelfInducedMagneticField = 0		# default
AbsorbingBoundaries = 0		# default
DFTULevel = 0		# default
HamiltonianApplyPacked = 1		# default
TimeZero = 0		# default
Dimensions = 1
PeriodicDimensions = 0		# default
PCMCalculation = 0		# default
MagneticConstrain = 0		# default
SpeciesProjectorSphereThreshold = 0.001		# default
FromScratch = 1
IonsConstantVelocity = 0		# default
Thermostat = 0		# default
MoveIons = 0		# default
TDIonicTimeScale = 1		# default
TDTimeStep = 0.02973		# default
TDPropagationTime = 33.0731
TDMaxSteps = 1112		# default
PhotoElectronSpectrum = 0		# default
TDDynamics = 1		# default
RecalculateGSDuringEvolution = 0		# default
TDScissor = 0		# default
TDPropagator = 2		# default
TDExponentialMethod = 3		# default
TDExpOrder = 4		# default
TDStepsWithSelfConsistency = 0		# default
TDSCFThreshold = 1e-06		# default
TDEnergyUpdateIter = 10		# default
TDFreezeOrbitals = 0		# default
Opened block 'UserDefinedStates'
UserDefinedStates[0][0] = 1
UserDefinedStates[0][1] = 2
UserDefinedStates[0][2] = 1
UserDefinedStates[0][3] = 1
Closed block 'UserDefinedStates'
TDFreezeHXC = 0		# default
TDFreezeDFTUOccupations = 0		# default
TDFreezeU = 0		# default
OutputFormat = 1
OutputInterval = 50		# default
TDOutputResolveStates = 0		# default
TDMultipoleLmax = 1		# default
LocalMagneticMomentsSphereRadius = 100		# default
TDOutputComputeInterval = 50		# default
TDOutputDFTU = 0		# default
RestartWrite = 1		# default
# Octopus parser ended
