    <><><><><><><><><><><><><><><><><><><><><><><><><><><><><><><>
                                ___
                             .-'   `'.
                            /         \
                            |         ;
                            |         |           ___.--,
                   _.._     |0) ~ (0) |    _.---'`__.-( (_.
            __.--'`_.. '.__.\    '--. \_.-' ,.--'`     `""`
           ( ,.--'`   ',__ /./;   ;, '.__.'`    __
           _`) )  .---.__.' / |   |\   \__..--""  """--.,_
          `---' .'.''-._.-'`_./  /\ '.  \ _.-~~~````~~~-._`-.__.'
                | |  .' _.-' |  |  \  \  '.               `~---`
                 \ \/ .'     \  \   '. '-._)
                  \/ /        \  \    `=.__`~-.
             jgs  / /\         `) )    / / `"".`\
            , _.-'.'\ \        / /    ( (     / /
             `--~`   ) )    .-'.'      '.'.  | (
                    (/`    ( (`          ) )  '-;
                     `      '-;         (-'

    This program is free software; you can redistribute it and/or modify
    it under the terms of the GNU General Public License as published by
    the Free Software Foundation; either version 2, or (at your option)
    any later version.

    This program is distributed in the hope that it will be useful,
    but WITHOUT ANY WARRANTY; without even the implied warranty of
    MERCHANTABILITY or FITNESS FOR A PARTICULAR PURPOSE.  See the
    GNU General Public License for more details.

    You should have received a copy of the GNU General Public License
    along with this program; if not, write to the Free Software
    Foundation, Inc., 51 Franklin Street, Fifth Floor, Boston, MA

    <><><><><><><><><><><><><><><><><><><><><><><><><><><><><><><>

                           Running octopus

Version                : 12.1
Commit                 :
Build time             : Wed Apr 10 13:56:05 PDT 2024
Configuration options  : maxdim3 openmp mpi sse2 avx libxc_fxc libxc_kxc
Optional libraries     : gdlib metis scalapack
Architecture           : x86_64
C compiler             : mpiicc (icc)
C compiler flags       : -O3 -qopt-zmm-usage=high -fma -g -traceback
C++ compiler           : mpiicpc (icpc)
C++ compiler flags     : -g -O2
Fortran compiler       : mpiifort (ifort) (Intel(R) Fortran Intel(R) 64 Compiler Classic for applications running on Intel(R) 64, Version 2021.4.0 Build 20210910_000000)
Fortran compiler flags : -O3 -fopenmp

          The octopus is swimming in node053.cluster (Linux)


            Calculation started on 2024/05/05 at 15:03:50


************************** Calculation Mode **************************
Input: [CalculationMode = td]
**********************************************************************


******************************* Space ********************************
Octopus will run in 1 dimension(s).
Octopus will treat the system as periodic in 0 dimension(s).
**********************************************************************

Input: [PseudopotentialSet = standard]
Reading Coordinates from Coordinates block
Info: default mass for species H:    1.000000 amu.
Info: default vdW radius for species H:    0.000000 [b]

****************************** Species *******************************
Species "H" is a soft-Coulomb potential.
Number of orbitals:      5
**********************************************************************

Input: [CurvMethod = curv_affine]
Input: [DerivativesStencil = stencil_star]
Input: [SpinComponents = polarized]
Input: [SymmetrizeDensity = no]

******************************* States *******************************
Total electronic charge  =        2.000
Number of states         =        2
States block-size        =        2
**********************************************************************


************************** Parallelization ***************************
Info: Octopus will run in *parallel*

      Number of processes           :      56
      Number of threads per process :       1

Info: Number of nodes in ParKPoints  group:     2 (           2)
Info: Number of nodes in ParStates   group:     2 (           2)
Info: Number of nodes in ParDomains  group:    14 (         667)
Info: Octopus will waste at least  0.74% of computer time.

** Warning:
**   I have fewer elements in a parallel group than recommended.
**   Maybe you should reduce the number of nodes.

**********************************************************************

Info: Parallelization in k-points
Info: Node in group    0 will manage      1 k-points:     1 -      1
Info: Node in group    1 will manage      1 k-points:     2 -      2
Info: Parallelization in states
Info: Node in group    0 will manage      1 states:     1 -      1
Info: Node in group    1 will manage      1 states:     2 -      2
Info: Mesh Partition restart information will be read from 'restart/partition'.
Info: Finished reading information from 'restart/partition'.
Info: Using METIS 5 multilevel k-way algorithm to partition the mesh.
Info: Mesh Partition restart information will be written to 'restart/partition'.
Info: Finished writing information to 'restart/partition'.
Info: Mesh partition:

      Partition quality:    0.124688E-02

                 Neighbours         Ghost points
      Average  :          2                    7
      Minimum  :          1                    4
      Maximum  :          2                    8

      Nodes in domain-group      1
        Neighbours     :         1        Local points    :        48
        Ghost points   :         4        Boundary points :         4
      Nodes in domain-group      2
        Neighbours     :         2        Local points    :        47
        Ghost points   :         8        Boundary points :         0
      Nodes in domain-group      3
        Neighbours     :         2        Local points    :        48
        Ghost points   :         8        Boundary points :         0
      Nodes in domain-group      4
        Neighbours     :         2        Local points    :        48
        Ghost points   :         8        Boundary points :         0
      Nodes in domain-group      5
        Neighbours     :         2        Local points    :        48
        Ghost points   :         8        Boundary points :         0
      Nodes in domain-group      6
        Neighbours     :         2        Local points    :        48
        Ghost points   :         8        Boundary points :         0
      Nodes in domain-group      7
        Neighbours     :         2        Local points    :        48
        Ghost points   :         8        Boundary points :         0
      Nodes in domain-group      8
        Neighbours     :         2        Local points    :        48
        Ghost points   :         8        Boundary points :         0
      Nodes in domain-group      9
        Neighbours     :         2        Local points    :        47
        Ghost points   :         8        Boundary points :         0
      Nodes in domain-group     10
        Neighbours     :         1        Local points    :        47
        Ghost points   :         4        Boundary points :         4
      Nodes in domain-group     11
        Neighbours     :         2        Local points    :        47
        Ghost points   :         8        Boundary points :         0
      Nodes in domain-group     12
        Neighbours     :         2        Local points    :        47
        Ghost points   :         8        Boundary points :         0
      Nodes in domain-group     13
        Neighbours     :         2        Local points    :        48
        Ghost points   :         8        Boundary points :         0
      Nodes in domain-group     14
        Neighbours     :         2        Local points    :        48
        Ghost points   :         8        Boundary points :         0

Info: Generating weights for finite-difference discretization of x-gradient
Info: Generating weights for finite-difference discretization of Laplacian

******************************** Grid ********************************
Simulation Box:
  Type = sphere
  Radius  [b] =  50.000
Main mesh:
  Spacing [b] = ( 0.150)    volume/point [b] =      0.15000
  # inner mesh =        667
  # total mesh =        675
  Grid Cutoff [H] =   219.324542    Grid Cutoff [Ry] =   438.649084
**********************************************************************

Info: states-block size = 0.0 MiB
Input: [StatesPack = yes]
Input: [StatesOrthogonalization = cholesky_parallel]

**************************** Theory Level ****************************
Input: [TheoryLevel = kohn_sham]

Exchange-correlation:
  Exchange
    Exchange in 1D (LDA)
    [1] N. Helbig, J. I. Fuks, M. Casula, M. J. Verstraete, M. A. L. Marques, I. V. Tokatly, and A. Rubio, Phys. Rev. A 83, 0325
  Correlation
    Casula, Sorella & Senatore (LDA)
    [1] M. Casula, S. Sorella, and G. Senatore, Phys. Rev. B 74, 245427 (2006)

Input: [SICCorrection = sic_none]
**********************************************************************


****************************** Hartree *******************************
Input: [DressedOrbitals = no]
The chosen Poisson solver is 'fast Fourier transform'
Input: [PoissonFFTKernel = spherical]
**********************************************************************

Info: FFT grid dimensions       = 1365
      Total grid size           = 1365 (      0.0 MiB )
Info: Poisson Cutoff Radius     = 102.4 b
Input: [FilterPotentials = filter_TS]
Input: [RelativisticCorrection = non_relativistic]
Input: [DFTULevel = dft_u_none]
Input: [MagneticConstrain = 0]

****************** Approximate memory requirements *******************
Mesh
  global  :       0.0 MiB
  local   :       0.0 MiB
  total   :       0.0 MiB

States
  real    :       0.0 MiB (par_kpoints + par_states + par_domains)
  complex :       0.0 MiB (par_kpoints + par_states + par_domains)

**********************************************************************

Info: Generating external potential
      done.
Info: Octopus initialization completed.
Info: Starting calculation mode.
Input: [IonsConstantVelocity = no]
Input: [Thermostat = none]
Input: [MoveIons = no]
Input: [TDIonicTimeScale = 1.000]
Input: [TDTimeStep = 0.2973E-01 hbar/H]
Input: [TDPropagationTime = 33.07 hbar/H]
Input: [TDMaxSteps = 1112]
Input: [TDDynamics = ehrenfest]
Input: [TDScissor = 0.000]
Input: [TDPropagator = etrs]
Input: [TDExponentialMethod = taylor]
Info: Blocks of states
      Block       1 contains       1 states:       1 -       1
      Block       2 contains       1 states:       2 -       2
Info: Ground-state restart information will be read from 'restart/gs'.

           Info: Reading states: gs. 2024/05/05 at 15:03:51

ETA: .......1......2.......3......4......5.......6......7.......8......9......0

          Info: States reading done. 2024/05/05 at 15:03:51


********************** Substitution of orbitals **********************
**********************************************************************

Substituting state of orbital with k, ist, dim =     1    2    1
  with the expression:
  exp(-a*(x-x0)^2+i*p*(x-x0))
Substituting state of orbital with k, ist, dim =     1    2    1
  with the expression:
  exp(-a*(x-x0)^2+i*p*(x-x0))
Substituting state of orbital with k, ist, dim =     1    2    1
  with the expression:
  exp(-a*(x-x0)^2+i*p*(x-x0))
Substituting state of orbital with k, ist, dim =     1    2    1
  with the expression:
  exp(-a*(x-x0)^2+i*p*(x-x0))
Substituting state of orbital with k, ist, dim =     1    2    1
  with the expression:
  exp(-a*(x-x0)^2+i*p*(x-x0))
Substituting state of orbital with k, ist, dim =     1    2    1
  with the expression:
  exp(-a*(x-x0)^2+i*p*(x-x0))
Substituting state of orbital with k, ist, dim =     1    2    1
  with the expression:
  exp(-a*(x-x0)^2+i*p*(x-x0))
Substituting state of orbital with k, ist, dim =     1    2    1
  with the expression:
  exp(-a*(x-x0)^2+i*p*(x-x0))
Substituting state of orbital with k, ist, dim =     1    2    1
  with the expression:
  exp(-a*(x-x0)^2+i*p*(x-x0))
Substituting state of orbital with k, ist, dim =     1    2    1
  with the expression:
  exp(-a*(x-x0)^2+i*p*(x-x0))
Substituting state of orbital with k, ist, dim =     1    2    1
  with the expression:
  exp(-a*(x-x0)^2+i*p*(x-x0))
Substituting state of orbital with k, ist, dim =     1    2    1
  with the expression:
  exp(-a*(x-x0)^2+i*p*(x-x0))
Substituting state of orbital with k, ist, dim =     1    2    1
  with the expression:
  exp(-a*(x-x0)^2+i*p*(x-x0))
Substituting state of orbital with k, ist, dim =     1    2    1
  with the expression:
  exp(-a*(x-x0)^2+i*p*(x-x0))
Info: Finished reading information from 'restart/gs'.
Info: Writing output to output_iter/td.0000000
Info: Time-dependent restart information will be written to 'restart/td'.

********************* Time-Dependent Simulation **********************
  Iter           Time        Energy   SC Steps    Elapsed Time
**********************************************************************

      1       0.029730      0.541969         1         0.023
      2       0.059460      0.541969         1         0.011
      3       0.089190      0.541969         1         0.001
      4       0.118920      0.541969         1         0.001
      5       0.148650      0.541969         1         0.001
      6       0.178380      0.541969         1         0.001
      7       0.208110      0.541969         1         0.001
      8       0.237840      0.541969         1         0.001
      9       0.267570      0.541969         1         0.001
     10       0.297300      0.541969         1         0.001
     11       0.327030      0.541969         1         0.001
     12       0.356760      0.541969         1         0.001
     13       0.386490      0.541969         1         0.001
     14       0.416220      0.541969         1         0.001
     15       0.445950      0.541969         1         0.001
     16       0.475680      0.541969         1         0.001
     17       0.505410      0.541969         1         0.001
     18       0.535140      0.541969         1         0.001
     19       0.564870      0.541969         1         0.001
     20       0.594600      0.541969         1         0.001
     21       0.624330      0.541969         1         0.001
     22       0.654060      0.541969         1         0.001
     23       0.683790      0.541969         1         0.001
     24       0.713520      0.541969         1         0.001
     25       0.743250      0.541969         1         0.001
     26       0.772980      0.541969         1         0.001
     27       0.802710      0.541969         1         0.001
     28       0.832440      0.541969         1         0.001
     29       0.862170      0.541969         1         0.001
     30       0.891900      0.541969         1         0.001
     31       0.921630      0.541969         1         0.001
     32       0.951360      0.541969         1         0.001
     33       0.981090      0.541969         1         0.001
     34       1.010820      0.541969         1         0.001
     35       1.040550      0.541969         1         0.001
     36       1.070280      0.541969         1         0.001
     37       1.100010      0.541969         1         0.001
     38       1.129740      0.541969         1         0.001
     39       1.159470      0.541969         1         0.001
     40       1.189200      0.541969         1         0.001
     41       1.218930      0.541969         1         0.001
     42       1.248660      0.541969         1         0.001
     43       1.278390      0.541969         1         0.001
     44       1.308120      0.541969         1         0.001
     45       1.337850      0.541969         1         0.001
     46       1.367580      0.541969         1         0.001
     47       1.397310      0.541969         1         0.001
     48       1.427040      0.541969         1         0.001
     49       1.456770      0.541969         1         0.001
     50       1.486500      0.541969         1         0.001
Info: Writing output to output_iter/td.0000050

             Info: Writing states. 2024/05/05 at 15:03:51


        Info: Finished writing states. 2024/05/05 at 15:03:51

     51       1.516230      0.541969         1         0.115
     52       1.545960      0.541969         1         0.001
     53       1.575690      0.541969         1         0.001
     54       1.605420      0.541969         1         0.001
     55       1.635150      0.541969         1         0.001
     56       1.664880      0.541969         1         0.001
     57       1.694610      0.541969         1         0.001
     58       1.724340      0.541969         1         0.001
     59       1.754070      0.541969         1         0.001
     60       1.783800      0.541969         1         0.001
     61       1.813530      0.541969         1         0.001
     62       1.843260      0.541969         1         0.001
     63       1.872990      0.541969         1         0.001
     64       1.902720      0.541969         1         0.001
     65       1.932450      0.541969         1         0.001
     66       1.962180      0.541969         1         0.001
     67       1.991910      0.541969         1         0.001
     68       2.021640      0.541969         1         0.001
     69       2.051370      0.541969         1         0.001
     70       2.081100      0.541969         1         0.001
     71       2.110830      0.541969         1         0.001
     72       2.140560      0.541969         1         0.001
     73       2.170290      0.541969         1         0.001
     74       2.200020      0.541969         1         0.001
     75       2.229750      0.541969         1         0.001
     76       2.259480      0.541969         1         0.001
     77       2.289210      0.541969         1         0.001
     78       2.318940      0.541969         1         0.001
     79       2.348670      0.541969         1         0.001
     80       2.378400      0.541969         1         0.001
     81       2.408130      0.541969         1         0.001
     82       2.437860      0.541969         1         0.001
     83       2.467590      0.541969         1         0.001
     84       2.497320      0.541969         1         0.001
     85       2.527050      0.541969         1         0.001
     86       2.556780      0.541969         1         0.001
     87       2.586510      0.541969         1         0.001
     88       2.616240      0.541969         1         0.001
     89       2.645970      0.541969         1         0.001
     90       2.675700      0.541969         1         0.001
     91       2.705430      0.541969         1         0.001
     92       2.735160      0.541969         1         0.001
     93       2.764890      0.541969         1         0.001
     94       2.794620      0.541969         1         0.001
     95       2.824350      0.541969         1         0.001
     96       2.854080      0.541969         1         0.001
     97       2.883810      0.541969         1         0.001
     98       2.913540      0.541969         1         0.001
     99       2.943270      0.541969         1         0.001
    100       2.973000      0.541969         1         0.001
Info: Writing output to output_iter/td.0000100

             Info: Writing states. 2024/05/05 at 15:03:51


        Info: Finished writing states. 2024/05/05 at 15:03:51

    101       3.002730      0.541969         1         0.065
    102       3.032460      0.541969         1         0.001
    103       3.062190      0.541969         1         0.001
    104       3.091920      0.541969         1         0.001
    105       3.121650      0.541969         1         0.001
    106       3.151380      0.541969         1         0.001
    107       3.181110      0.541969         1         0.001
    108       3.210840      0.541969         1         0.001
    109       3.240570      0.541969         1         0.001
    110       3.270300      0.541968         1         0.001
    111       3.300030      0.541968         1         0.001
    112       3.329760      0.541968         1         0.001
    113       3.359490      0.541968         1         0.001
    114       3.389220      0.541968         1         0.001
    115       3.418950      0.541968         1         0.001
    116       3.448680      0.541968         1         0.001
    117       3.478410      0.541968         1         0.001
    118       3.508140      0.541968         1         0.001
    119       3.537870      0.541968         1         0.001
    120       3.567600      0.541968         1         0.001
    121       3.597330      0.541968         1         0.001
    122       3.627060      0.541968         1         0.001
    123       3.656790      0.541968         1         0.001
    124       3.686520      0.541968         1         0.001
    125       3.716250      0.541968         1         0.001
    126       3.745980      0.541968         1         0.001
    127       3.775710      0.541968         1         0.001
    128       3.805440      0.541968         1         0.001
    129       3.835170      0.541968         1         0.001
    130       3.864900      0.541968         1         0.001
    131       3.894630      0.541968         1         0.001
    132       3.924360      0.541968         1         0.001
    133       3.954090      0.541968         1         0.001
    134       3.983820      0.541968         1         0.001
    135       4.013550      0.541968         1         0.001
    136       4.043280      0.541968         1         0.001
    137       4.073010      0.541968         1         0.001
    138       4.102740      0.541968         1         0.001
    139       4.132470      0.541968         1         0.001
    140       4.162200      0.541968         1         0.001
    141       4.191930      0.541968         1         0.001
    142       4.221660      0.541968         1         0.001
    143       4.251390      0.541968         1         0.001
    144       4.281120      0.541968         1         0.001
    145       4.310850      0.541968         1         0.001
    146       4.340580      0.541968         1         0.001
    147       4.370310      0.541968         1         0.001
    148       4.400040      0.541968         1         0.001
    149       4.429770      0.541968         1         0.001
    150       4.459500      0.541968         1         0.001
Info: Writing output to output_iter/td.0000150

             Info: Writing states. 2024/05/05 at 15:03:51


        Info: Finished writing states. 2024/05/05 at 15:03:51

    151       4.489230      0.541968         1         0.219
    152       4.518960      0.541968         1         0.001
    153       4.548690      0.541968         1         0.001
    154       4.578420      0.541968         1         0.001
    155       4.608150      0.541968         1         0.001
    156       4.637880      0.541968         1         0.001
    157       4.667610      0.541968         1         0.001
    158       4.697340      0.541968         1         0.001
    159       4.727070      0.541968         1         0.001
    160       4.756800      0.541968         1         0.001
    161       4.786530      0.541968         1         0.001
    162       4.816260      0.541968         1         0.001
    163       4.845990      0.541968         1         0.001
    164       4.875720      0.541968         1         0.001
    165       4.905450      0.541968         1         0.001
    166       4.935180      0.541968         1         0.001
    167       4.964910      0.541968         1         0.001
    168       4.994640      0.541968         1         0.001
    169       5.024370      0.541968         1         0.001
    170       5.054100      0.541968         1         0.001
    171       5.083830      0.541968         1         0.001
    172       5.113560      0.541968         1         0.001
    173       5.143290      0.541968         1         0.001
    174       5.173020      0.541968         1         0.001
    175       5.202750      0.541968         1         0.001
    176       5.232480      0.541968         1         0.001
    177       5.262210      0.541968         1         0.001
    178       5.291940      0.541968         1         0.001
    179       5.321670      0.541968         1         0.001
    180       5.351400      0.541968         1         0.001
    181       5.381130      0.541968         1         0.001
    182       5.410860      0.541968         1         0.001
    183       5.440590      0.541968         1         0.001
    184       5.470320      0.541968         1         0.001
    185       5.500050      0.541968         1         0.001
    186       5.529780      0.541968         1         0.001
    187       5.559510      0.541968         1         0.001
    188       5.589240      0.541968         1         0.001
    189       5.618970      0.541968         1         0.001
    190       5.648700      0.541968         1         0.001
    191       5.678430      0.541968         1         0.001
    192       5.708160      0.541968         1         0.001
    193       5.737890      0.541968         1         0.001
    194       5.767620      0.541968         1         0.001
    195       5.797350      0.541968         1         0.001
    196       5.827080      0.541968         1         0.001
    197       5.856810      0.541968         1         0.001
    198       5.886540      0.541968         1         0.001
    199       5.916270      0.541968         1         0.001
    200       5.946000      0.541968         1         0.001
Info: Writing output to output_iter/td.0000200

             Info: Writing states. 2024/05/05 at 15:03:52


        Info: Finished writing states. 2024/05/05 at 15:03:52

    201       5.975730      0.541968         1         0.230
    202       6.005460      0.541968         1         0.005
    203       6.035190      0.541968         1         0.007
    204       6.064920      0.541968         1         0.001
    205       6.094650      0.541968         1         0.001
    206       6.124380      0.541968         1         0.001
    207       6.154110      0.541968         1         0.001
    208       6.183840      0.541968         1         0.001
    209       6.213570      0.541968         1         0.001
    210       6.243300      0.541968         1         0.001
    211       6.273030      0.541968         1         0.001
    212       6.302760      0.541968         1         0.003
    213       6.332490      0.541968         1         0.002
    214       6.362220      0.541968         1         0.001
    215       6.391950      0.541968         1         0.001
    216       6.421680      0.541968         1         0.001
    217       6.451410      0.541968         1         0.001
    218       6.481140      0.541968         1         0.001
    219       6.510870      0.541968         1         0.001
    220       6.540600      0.541967         1         0.004
    221       6.570330      0.541967         1         0.001
    222       6.600060      0.541967         1         0.008
    223       6.629790      0.541967         1         0.002
    224       6.659520      0.541967         1         0.009
    225       6.689250      0.541967         1         0.001
    226       6.718980      0.541967         1         0.001
    227       6.748710      0.541967         1         0.001
    228       6.778440      0.541967         1         0.005
    229       6.808170      0.541967         1         0.001
    230       6.837900      0.541967         1         0.001
    231       6.867630      0.541967         1         0.001
    232       6.897360      0.541967         1         0.001
    233       6.927090      0.541967         1         0.001
    234       6.956820      0.541967         1         0.001
    235       6.986550      0.541967         1         0.001
    236       7.016280      0.541967         1         0.001
    237       7.046010      0.541967         1         0.001
    238       7.075740      0.541967         1         0.001
    239       7.105470      0.541967         1         0.001
    240       7.135200      0.541967         1         0.001
    241       7.164930      0.541967         1         0.001
    242       7.194660      0.541967         1         0.001
    243       7.224390      0.541967         1         0.001
    244       7.254120      0.541967         1         0.001
    245       7.283850      0.541967         1         0.001
    246       7.313580      0.541967         1         0.001
    247       7.343310      0.541967         1         0.001
    248       7.373040      0.541967         1         0.001
    249       7.402770      0.541967         1         0.001
    250       7.432500      0.541967         1         0.001
Info: Writing output to output_iter/td.0000250

             Info: Writing states. 2024/05/05 at 15:03:52


        Info: Finished writing states. 2024/05/05 at 15:03:52

    251       7.462230      0.541967         1         0.169
    252       7.491960      0.541967         1         0.001
    253       7.521690      0.541967         1         0.001
    254       7.551420      0.541967         1         0.001
    255       7.581150      0.541967         1         0.001
    256       7.610880      0.541967         1         0.001
    257       7.640610      0.541967         1         0.001
    258       7.670340      0.541967         1         0.001
    259       7.700070      0.541967         1         0.001
    260       7.729800      0.541967         1         0.001
    261       7.759530      0.541967         1         0.001
    262       7.789260      0.541967         1         0.001
    263       7.818990      0.541967         1         0.001
    264       7.848720      0.541967         1         0.001
    265       7.878450      0.541967         1         0.001
    266       7.908180      0.541967         1         0.001
    267       7.937910      0.541967         1         0.001
    268       7.967640      0.541967         1         0.001
    269       7.997370      0.541967         1         0.001
    270       8.027100      0.541967         1         0.001
    271       8.056830      0.541967         1         0.001
    272       8.086560      0.541967         1         0.001
    273       8.116290      0.541967         1         0.001
    274       8.146020      0.541967         1         0.006
    275       8.175750      0.541967         1         0.001
    276       8.205480      0.541967         1         0.001
    277       8.235210      0.541967         1         0.001
    278       8.264940      0.541967         1         0.001
    279       8.294670      0.541967         1         0.001
    280       8.324400      0.541967         1         0.001
    281       8.354130      0.541967         1         0.001
    282       8.383860      0.541967         1         0.001
    283       8.413590      0.541967         1         0.001
    284       8.443320      0.541967         1         0.001
    285       8.473050      0.541967         1         0.001
    286       8.502780      0.541967         1         0.001
    287       8.532510      0.541967         1         0.001
    288       8.562240      0.541967         1         0.001
    289       8.591970      0.541967         1         0.001
    290       8.621700      0.541967         1         0.001
    291       8.651430      0.541967         1         0.001
    292       8.681160      0.541967         1         0.001
    293       8.710890      0.541967         1         0.001
    294       8.740620      0.541967         1         0.001
    295       8.770350      0.541967         1         0.001
    296       8.800080      0.541967         1         0.001
    297       8.829810      0.541967         1         0.005
    298       8.859540      0.541967         1         0.001
    299       8.889270      0.541967         1         0.001
    300       8.919000      0.541967         1         0.001
Info: Writing output to output_iter/td.0000300

             Info: Writing states. 2024/05/05 at 15:03:52


        Info: Finished writing states. 2024/05/05 at 15:03:52

    301       8.948730      0.541967         1         0.101
    302       8.978460      0.541967         1         0.001
    303       9.008190      0.541967         1         0.001
    304       9.037920      0.541967         1         0.001
    305       9.067650      0.541967         1         0.001
    306       9.097380      0.541967         1         0.001
    307       9.127110      0.541967         1         0.001
    308       9.156840      0.541967         1         0.001
    309       9.186570      0.541967         1         0.001
    310       9.216300      0.541967         1         0.001
    311       9.246030      0.541967         1         0.001
    312       9.275760      0.541967         1         0.001
    313       9.305490      0.541967         1         0.001
    314       9.335220      0.541967         1         0.001
    315       9.364950      0.541967         1         0.001
    316       9.394680      0.541967         1         0.001
    317       9.424410      0.541967         1         0.001
    318       9.454140      0.541967         1         0.001
    319       9.483870      0.541967         1         0.004
    320       9.513600      0.541967         1         0.001
    321       9.543330      0.541967         1         0.001
    322       9.573060      0.541967         1         0.001
    323       9.602790      0.541967         1         0.004
    324       9.632520      0.541967         1         0.001
    325       9.662250      0.541967         1         0.001
    326       9.691980      0.541967         1         0.001
    327       9.721710      0.541967         1         0.001
    328       9.751440      0.541967         1         0.001
    329       9.781170      0.541967         1         0.001
    330       9.810900      0.541967         1         0.001
    331       9.840630      0.541967         1         0.001
    332       9.870360      0.541967         1         0.001
    333       9.900090      0.541967         1         0.001
    334       9.929820      0.541967         1         0.001
    335       9.959550      0.541967         1         0.001
    336       9.989280      0.541967         1         0.001
    337      10.019010      0.541967         1         0.001
    338      10.048740      0.541967         1         0.001
    339      10.078470      0.541967         1         0.001
    340      10.108200      0.541967         1         0.001
    341      10.137930      0.541967         1         0.001
    342      10.167660      0.541967         1         0.001
    343      10.197390      0.541967         1         0.001
    344      10.227120      0.541967         1         0.001
    345      10.256850      0.541967         1         0.001
    346      10.286580      0.541967         1         0.001
    347      10.316310      0.541967         1         0.001
    348      10.346040      0.541967         1         0.001
    349      10.375770      0.541967         1         0.001
    350      10.405500      0.541967         1         0.001
Info: Writing output to output_iter/td.0000350

             Info: Writing states. 2024/05/05 at 15:03:52


        Info: Finished writing states. 2024/05/05 at 15:03:52

    351      10.435230      0.541967         1         0.117
    352      10.464960      0.541967         1         0.001
    353      10.494690      0.541967         1         0.001
    354      10.524420      0.541967         1         0.001
    355      10.554150      0.541967         1         0.001
    356      10.583880      0.541967         1         0.001
    357      10.613610      0.541967         1         0.001
    358      10.643340      0.541967         1         0.001
    359      10.673070      0.541967         1         0.001
    360      10.702800      0.541967         1         0.001
    361      10.732530      0.541967         1         0.001
    362      10.762260      0.541967         1         0.001
    363      10.791990      0.541967         1         0.001
    364      10.821720      0.541967         1         0.001
    365      10.851450      0.541967         1         0.001
    366      10.881180      0.541967         1         0.001
    367      10.910910      0.541967         1         0.001
    368      10.940640      0.541967         1         0.001
    369      10.970370      0.541967         1         0.001
    370      11.000100      0.541967         1         0.001
    371      11.029830      0.541967         1         0.001
    372      11.059560      0.541967         1         0.001
    373      11.089290      0.541967         1         0.001
    374      11.119020      0.541967         1         0.001
    375      11.148750      0.541967         1         0.001
    376      11.178480      0.541967         1         0.001
    377      11.208210      0.541967         1         0.001
    378      11.237940      0.541967         1         0.001
    379      11.267670      0.541967         1         0.001
    380      11.297400      0.541967         1         0.001
    381      11.327130      0.541967         1         0.001
    382      11.356860      0.541967         1         0.001
    383      11.386590      0.541967         1         0.001
    384      11.416320      0.541967         1         0.001
    385      11.446050      0.541967         1         0.001
    386      11.475780      0.541967         1         0.001
    387      11.505510      0.541967         1         0.001
    388      11.535240      0.541967         1         0.001
    389      11.564970      0.541967         1         0.001
    390      11.594700      0.541967         1         0.001
    391      11.624430      0.541967         1         0.001
    392      11.654160      0.541967         1         0.001
    393      11.683890      0.541967         1         0.001
    394      11.713620      0.541967         1         0.001
    395      11.743350      0.541967         1         0.001
    396      11.773080      0.541967         1         0.001
    397      11.802810      0.541967         1         0.001
    398      11.832540      0.541967         1         0.001
    399      11.862270      0.541967         1         0.001
    400      11.892000      0.541967         1         0.001
Info: Writing output to output_iter/td.0000400

             Info: Writing states. 2024/05/05 at 15:03:52


        Info: Finished writing states. 2024/05/05 at 15:03:52

    401      11.921730      0.541967         1         0.065
    402      11.951460      0.541967         1         0.001
    403      11.981190      0.541967         1         0.001
    404      12.010920      0.541967         1         0.001
    405      12.040650      0.541967         1         0.001
    406      12.070380      0.541967         1         0.001
    407      12.100110      0.541967         1         0.001
    408      12.129840      0.541967         1         0.001
    409      12.159570      0.541967         1         0.001
    410      12.189300      0.541967         1         0.001
    411      12.219030      0.541967         1         0.001
    412      12.248760      0.541967         1         0.001
    413      12.278490      0.541967         1         0.001
    414      12.308220      0.541967         1         0.001
    415      12.337950      0.541967         1         0.001
    416      12.367680      0.541967         1         0.001
    417      12.397410      0.541967         1         0.001
    418      12.427140      0.541967         1         0.001
    419      12.456870      0.541967         1         0.001
    420      12.486600      0.541967         1         0.001
    421      12.516330      0.541967         1         0.001
    422      12.546060      0.541967         1         0.001
    423      12.575790      0.541967         1         0.001
    424      12.605520      0.541967         1         0.001
    425      12.635250      0.541967         1         0.001
    426      12.664980      0.541967         1         0.001
    427      12.694710      0.541967         1         0.001
    428      12.724440      0.541967         1         0.001
    429      12.754170      0.541967         1         0.001
    430      12.783900      0.541967         1         0.001
    431      12.813630      0.541967         1         0.001
    432      12.843360      0.541967         1         0.001
    433      12.873090      0.541967         1         0.001
    434      12.902820      0.541967         1         0.001
    435      12.932550      0.541967         1         0.001
    436      12.962280      0.541967         1         0.001
    437      12.992010      0.541967         1         0.001
    438      13.021740      0.541967         1         0.001
    439      13.051470      0.541967         1         0.001
    440      13.081200      0.541967         1         0.001
    441      13.110930      0.541967         1         0.001
    442      13.140660      0.541967         1         0.001
    443      13.170390      0.541967         1         0.001
    444      13.200120      0.541967         1         0.001
    445      13.229850      0.541967         1         0.001
    446      13.259580      0.541967         1         0.001
    447      13.289310      0.541967         1         0.001
    448      13.319040      0.541967         1         0.001
    449      13.348770      0.541967         1         0.001
    450      13.378500      0.541967         1         0.001
Info: Writing output to output_iter/td.0000450

             Info: Writing states. 2024/05/05 at 15:03:52


        Info: Finished writing states. 2024/05/05 at 15:03:52

    451      13.408230      0.541967         1         0.094
    452      13.437960      0.541967         1         0.001
    453      13.467690      0.541967         1         0.001
    454      13.497420      0.541967         1         0.001
    455      13.527150      0.541967         1         0.001
    456      13.556880      0.541967         1         0.001
    457      13.586610      0.541967         1         0.001
    458      13.616340      0.541967         1         0.001
    459      13.646070      0.541967         1         0.001
    460      13.675800      0.541967         1         0.001
    461      13.705530      0.541967         1         0.001
    462      13.735260      0.541967         1         0.001
    463      13.764990      0.541967         1         0.001
    464      13.794720      0.541967         1         0.001
    465      13.824450      0.541967         1         0.001
    466      13.854180      0.541967         1         0.001
    467      13.883910      0.541967         1         0.001
    468      13.913640      0.541967         1         0.001
    469      13.943370      0.541967         1         0.001
    470      13.973100      0.541967         1         0.001
    471      14.002830      0.541967         1         0.001
    472      14.032560      0.541967         1         0.001
    473      14.062290      0.541967         1         0.001
    474      14.092020      0.541967         1         0.001
    475      14.121750      0.541967         1         0.001
    476      14.151480      0.541967         1         0.001
    477      14.181210      0.541967         1         0.001
    478      14.210940      0.541967         1         0.001
    479      14.240670      0.541967         1         0.001
    480      14.270400      0.541967         1         0.001
    481      14.300130      0.541967         1         0.001
    482      14.329860      0.541967         1         0.001
    483      14.359590      0.541967         1         0.001
    484      14.389320      0.541967         1         0.001
    485      14.419050      0.541967         1         0.001
    486      14.448780      0.541967         1         0.001
    487      14.478510      0.541967         1         0.001
    488      14.508240      0.541967         1         0.001
    489      14.537970      0.541967         1         0.001
    490      14.567700      0.541967         1         0.001
    491      14.597430      0.541967         1         0.001
    492      14.627160      0.541967         1         0.001
    493      14.656890      0.541967         1         0.001
    494      14.686620      0.541967         1         0.001
    495      14.716350      0.541967         1         0.001
    496      14.746080      0.541967         1         0.001
    497      14.775810      0.541967         1         0.001
    498      14.805540      0.541967         1         0.001
    499      14.835270      0.541967         1         0.001
    500      14.865000      0.541967         1         0.001
Info: Writing output to output_iter/td.0000500

             Info: Writing states. 2024/05/05 at 15:03:52


        Info: Finished writing states. 2024/05/05 at 15:03:52

    501      14.894730      0.541967         1         0.131
    502      14.924460      0.541967         1         0.001
    503      14.954190      0.541967         1         0.001
    504      14.983920      0.541967         1         0.001
    505      15.013650      0.541967         1         0.001
    506      15.043380      0.541967         1         0.001
    507      15.073110      0.541967         1         0.001
    508      15.102840      0.541967         1         0.001
    509      15.132570      0.541967         1         0.001
    510      15.162300      0.541967         1         0.001
    511      15.192030      0.541967         1         0.001
    512      15.221760      0.541967         1         0.001
    513      15.251490      0.541967         1         0.001
    514      15.281220      0.541967         1         0.001
    515      15.310950      0.541967         1         0.001
    516      15.340680      0.541967         1         0.001
    517      15.370410      0.541967         1         0.001
    518      15.400140      0.541967         1         0.001
    519      15.429870      0.541967         1         0.001
    520      15.459600      0.541967         1         0.001
    521      15.489330      0.541967         1         0.001
    522      15.519060      0.541967         1         0.001
    523      15.548790      0.541967         1         0.001
    524      15.578520      0.541967         1         0.001
    525      15.608250      0.541967         1         0.001
    526      15.637980      0.541967         1         0.001
    527      15.667710      0.541967         1         0.001
    528      15.697440      0.541967         1         0.001
    529      15.727170      0.541967         1         0.001
    530      15.756900      0.541967         1         0.001
    531      15.786630      0.541967         1         0.001
    532      15.816360      0.541967         1         0.001
    533      15.846090      0.541967         1         0.001
    534      15.875820      0.541967         1         0.001
    535      15.905550      0.541967         1         0.001
    536      15.935280      0.541967         1         0.001
    537      15.965010      0.541967         1         0.001
    538      15.994740      0.541967         1         0.001
    539      16.024470      0.541967         1         0.001
    540      16.054200      0.541967         1         0.001
    541      16.083930      0.541967         1         0.001
    542      16.113660      0.541967         1         0.001
    543      16.143390      0.541967         1         0.001
    544      16.173120      0.541967         1         0.001
    545      16.202850      0.541967         1         0.001
    546      16.232580      0.541967         1         0.001
    547      16.262310      0.541967         1         0.001
    548      16.292040      0.541967         1         0.001
    549      16.321770      0.541967         1         0.001
    550      16.351500      0.541967         1         0.001
Info: Writing output to output_iter/td.0000550

             Info: Writing states. 2024/05/05 at 15:03:53


        Info: Finished writing states. 2024/05/05 at 15:03:53

    551      16.381230      0.541967         1         0.167
    552      16.410960      0.541967         1         0.001
    553      16.440690      0.541967         1         0.001
    554      16.470420      0.541967         1         0.001
    555      16.500150      0.541967         1         0.001
    556      16.529880      0.541967         1         0.001
    557      16.559610      0.541967         1         0.001
    558      16.589340      0.541967         1         0.001
    559      16.619070      0.541967         1         0.001
    560      16.648800      0.541967         1         0.001
    561      16.678530      0.541967         1         0.001
    562      16.708260      0.541967         1         0.001
    563      16.737990      0.541967         1         0.001
    564      16.767720      0.541967         1         0.001
    565      16.797450      0.541967         1         0.001
    566      16.827180      0.541967         1         0.001
    567      16.856910      0.541967         1         0.001
    568      16.886640      0.541967         1         0.001
    569      16.916370      0.541967         1         0.001
    570      16.946100      0.541967         1         0.001
    571      16.975830      0.541967         1         0.001
    572      17.005560      0.541967         1         0.001
    573      17.035290      0.541967         1         0.001
    574      17.065020      0.541967         1         0.001
    575      17.094750      0.541967         1         0.001
    576      17.124480      0.541967         1         0.001
    577      17.154210      0.541967         1         0.001
    578      17.183940      0.541967         1         0.001
    579      17.213670      0.541967         1         0.001
    580      17.243400      0.541967         1         0.001
    581      17.273130      0.541967         1         0.001
    582      17.302860      0.541967         1         0.001
    583      17.332590      0.541967         1         0.001
    584      17.362320      0.541967         1         0.001
    585      17.392050      0.541967         1         0.001
    586      17.421780      0.541967         1         0.001
    587      17.451510      0.541967         1         0.001
    588      17.481240      0.541967         1         0.001
    589      17.510970      0.541967         1         0.001
    590      17.540700      0.541967         1         0.001
    591      17.570430      0.541967         1         0.001
    592      17.600160      0.541967         1         0.001
    593      17.629890      0.541967         1         0.001
    594      17.659620      0.541967         1         0.001
    595      17.689350      0.541967         1         0.001
    596      17.719080      0.541967         1         0.001
    597      17.748810      0.541967         1         0.001
    598      17.778540      0.541967         1         0.001
    599      17.808270      0.541967         1         0.001
    600      17.838000      0.541967         1         0.001
Info: Writing output to output_iter/td.0000600

             Info: Writing states. 2024/05/05 at 15:03:53


        Info: Finished writing states. 2024/05/05 at 15:03:53

    601      17.867730      0.541967         1         0.130
    602      17.897460      0.541967         1         0.001
    603      17.927190      0.541967         1         0.001
    604      17.956920      0.541967         1         0.001
    605      17.986650      0.541967         1         0.001
    606      18.016380      0.541967         1         0.001
    607      18.046110      0.541967         1         0.001
    608      18.075840      0.541967         1         0.001
    609      18.105570      0.541967         1         0.001
    610      18.135300      0.541967         1         0.001
    611      18.165030      0.541967         1         0.001
    612      18.194760      0.541967         1         0.001
    613      18.224490      0.541967         1         0.001
    614      18.254220      0.541967         1         0.001
    615      18.283950      0.541967         1         0.001
    616      18.313680      0.541967         1         0.001
    617      18.343410      0.541967         1         0.001
    618      18.373140      0.541967         1         0.001
    619      18.402870      0.541967         1         0.001
    620      18.432600      0.541967         1         0.001
    621      18.462330      0.541967         1         0.001
    622      18.492060      0.541967         1         0.001
    623      18.521790      0.541967         1         0.001
    624      18.551520      0.541967         1         0.001
    625      18.581250      0.541967         1         0.001
    626      18.610980      0.541967         1         0.001
    627      18.640710      0.541967         1         0.001
    628      18.670440      0.541967         1         0.001
    629      18.700170      0.541967         1         0.001
    630      18.729900      0.541967         1         0.001
    631      18.759630      0.541967         1         0.001
    632      18.789360      0.541967         1         0.001
    633      18.819090      0.541967         1         0.001
    634      18.848820      0.541967         1         0.001
    635      18.878550      0.541967         1         0.001
    636      18.908280      0.541967         1         0.001
    637      18.938010      0.541967         1         0.001
    638      18.967740      0.541967         1         0.001
    639      18.997470      0.541967         1         0.001
    640      19.027200      0.541967         1         0.001
    641      19.056930      0.541967         1         0.001
    642      19.086660      0.541967         1         0.001
    643      19.116390      0.541967         1         0.001
    644      19.146120      0.541967         1         0.001
    645      19.175850      0.541967         1         0.001
    646      19.205580      0.541967         1         0.001
    647      19.235310      0.541967         1         0.001
    648      19.265040      0.541967         1         0.001
    649      19.294770      0.541967         1         0.001
    650      19.324500      0.541967         1         0.001
Info: Writing output to output_iter/td.0000650

             Info: Writing states. 2024/05/05 at 15:03:53


        Info: Finished writing states. 2024/05/05 at 15:03:53

    651      19.354230      0.541967         1         0.064
    652      19.383960      0.541967         1         0.001
    653      19.413690      0.541967         1         0.001
    654      19.443420      0.541967         1         0.001
    655      19.473150      0.541967         1         0.001
    656      19.502880      0.541967         1         0.001
    657      19.532610      0.541967         1         0.001
    658      19.562340      0.541967         1         0.001
    659      19.592070      0.541967         1         0.001
    660      19.621800      0.541967         1         0.001
    661      19.651530      0.541967         1         0.001
    662      19.681260      0.541967         1         0.001
    663      19.710990      0.541967         1         0.001
    664      19.740720      0.541967         1         0.001
    665      19.770450      0.541967         1         0.001
    666      19.800180      0.541967         1         0.001
    667      19.829910      0.541967         1         0.001
    668      19.859640      0.541967         1         0.001
    669      19.889370      0.541967         1         0.001
    670      19.919100      0.541967         1         0.001
    671      19.948830      0.541967         1         0.001
    672      19.978560      0.541967         1         0.001
    673      20.008290      0.541967         1         0.001
    674      20.038020      0.541967         1         0.001
    675      20.067750      0.541967         1         0.001
    676      20.097480      0.541967         1         0.001
    677      20.127210      0.541967         1         0.001
    678      20.156940      0.541967         1         0.001
    679      20.186670      0.541967         1         0.001
    680      20.216400      0.541967         1         0.001
    681      20.246130      0.541967         1         0.001
    682      20.275860      0.541967         1         0.001
    683      20.305590      0.541967         1         0.001
    684      20.335320      0.541967         1         0.001
    685      20.365050      0.541967         1         0.001
    686      20.394780      0.541967         1         0.001
    687      20.424510      0.541967         1         0.001
    688      20.454240      0.541967         1         0.001
    689      20.483970      0.541967         1         0.001
    690      20.513700      0.541967         1         0.001
    691      20.543430      0.541967         1         0.001
    692      20.573160      0.541967         1         0.001
    693      20.602890      0.541967         1         0.001
    694      20.632620      0.541967         1         0.001
    695      20.662350      0.541967         1         0.001
    696      20.692080      0.541967         1         0.001
    697      20.721810      0.541967         1         0.001
    698      20.751540      0.541967         1         0.001
    699      20.781270      0.541967         1         0.001
    700      20.811000      0.541967         1         0.001
Info: Writing output to output_iter/td.0000700

             Info: Writing states. 2024/05/05 at 15:03:53


        Info: Finished writing states. 2024/05/05 at 15:03:53

    701      20.840730      0.541967         1         0.078
    702      20.870460      0.541967         1         0.001
    703      20.900190      0.541967         1         0.001
    704      20.929920      0.541967         1         0.001
    705      20.959650      0.541967         1         0.001
    706      20.989380      0.541967         1         0.001
    707      21.019110      0.541967         1         0.001
    708      21.048840      0.541967         1         0.001
    709      21.078570      0.541967         1         0.001
    710      21.108300      0.541967         1         0.001
    711      21.138030      0.541967         1         0.001
    712      21.167760      0.541967         1         0.001
    713      21.197490      0.541967         1         0.001
    714      21.227220      0.541967         1         0.001
    715      21.256950      0.541967         1         0.001
    716      21.286680      0.541967         1         0.001
    717      21.316410      0.541967         1         0.001
    718      21.346140      0.541967         1         0.001
    719      21.375870      0.541967         1         0.001
    720      21.405600      0.541967         1         0.001
    721      21.435330      0.541967         1         0.001
    722      21.465060      0.541967         1         0.001
    723      21.494790      0.541967         1         0.001
    724      21.524520      0.541967         1         0.001
    725      21.554250      0.541967         1         0.001
    726      21.583980      0.541967         1         0.001
    727      21.613710      0.541967         1         0.001
    728      21.643440      0.541967         1         0.001
    729      21.673170      0.541967         1         0.001
    730      21.702900      0.541967         1         0.001
    731      21.732630      0.541967         1         0.001
    732      21.762360      0.541967         1         0.001
    733      21.792090      0.541967         1         0.001
    734      21.821820      0.541967         1         0.001
    735      21.851550      0.541967         1         0.001
    736      21.881280      0.541967         1         0.001
    737      21.911010      0.541967         1         0.001
    738      21.940740      0.541967         1         0.001
    739      21.970470      0.541967         1         0.001
    740      22.000200      0.541967         1         0.001
    741      22.029930      0.541967         1         0.001
    742      22.059660      0.541967         1         0.001
    743      22.089390      0.541967         1         0.001
    744      22.119120      0.541967         1         0.001
    745      22.148850      0.541967         1         0.001
    746      22.178580      0.541967         1         0.001
    747      22.208310      0.541967         1         0.001
    748      22.238040      0.541967         1         0.001
    749      22.267770      0.541967         1         0.001
    750      22.297500      0.541967         1         0.001
Info: Writing output to output_iter/td.0000750

             Info: Writing states. 2024/05/05 at 15:03:53


        Info: Finished writing states. 2024/05/05 at 15:03:54

    751      22.327230      0.541967         1         0.445
    752      22.356960      0.541967         1         0.001
    753      22.386690      0.541967         1         0.001
    754      22.416420      0.541967         1         0.001
    755      22.446150      0.541967         1         0.001
    756      22.475880      0.541967         1         0.001
    757      22.505610      0.541967         1         0.001
    758      22.535340      0.541967         1         0.001
    759      22.565070      0.541967         1         0.001
    760      22.594800      0.541967         1         0.001
    761      22.624530      0.541967         1         0.001
    762      22.654260      0.541967         1         0.001
    763      22.683990      0.541967         1         0.001
    764      22.713720      0.541967         1         0.001
    765      22.743450      0.541967         1         0.001
    766      22.773180      0.541967         1         0.001
    767      22.802910      0.541967         1         0.001
    768      22.832640      0.541967         1         0.001
    769      22.862370      0.541967         1         0.001
    770      22.892100      0.541967         1         0.001
    771      22.921830      0.541967         1         0.001
    772      22.951560      0.541967         1         0.001
    773      22.981290      0.541967         1         0.001
    774      23.011020      0.541967         1         0.001
    775      23.040750      0.541967         1         0.001
    776      23.070480      0.541967         1         0.001
    777      23.100210      0.541967         1         0.001
    778      23.129940      0.541967         1         0.001
    779      23.159670      0.541967         1         0.001
    780      23.189400      0.541967         1         0.001
    781      23.219130      0.541967         1         0.001
    782      23.248860      0.541967         1         0.001
    783      23.278590      0.541967         1         0.001
    784      23.308320      0.541967         1         0.001
    785      23.338050      0.541967         1         0.001
    786      23.367780      0.541967         1         0.001
    787      23.397510      0.541967         1         0.001
    788      23.427240      0.541967         1         0.001
    789      23.456970      0.541967         1         0.001
    790      23.486700      0.541967         1         0.001
    791      23.516430      0.541967         1         0.001
    792      23.546160      0.541967         1         0.001
    793      23.575890      0.541967         1         0.001
    794      23.605620      0.541967         1         0.001
    795      23.635350      0.541967         1         0.001
    796      23.665080      0.541967         1         0.001
    797      23.694810      0.541967         1         0.001
    798      23.724540      0.541967         1         0.001
    799      23.754270      0.541967         1         0.001
    800      23.784000      0.541967         1         0.001
Info: Writing output to output_iter/td.0000800

             Info: Writing states. 2024/05/05 at 15:03:54


        Info: Finished writing states. 2024/05/05 at 15:03:54

    801      23.813730      0.541967         1         0.068
    802      23.843460      0.541967         1         0.001
    803      23.873190      0.541967         1         0.001
    804      23.902920      0.541967         1         0.001
    805      23.932650      0.541967         1         0.001
    806      23.962380      0.541967         1         0.001
    807      23.992110      0.541967         1         0.001
    808      24.021840      0.541967         1         0.001
    809      24.051570      0.541967         1         0.001
    810      24.081300      0.541967         1         0.001
    811      24.111030      0.541967         1         0.001
    812      24.140760      0.541967         1         0.001
    813      24.170490      0.541967         1         0.001
    814      24.200220      0.541967         1         0.001
    815      24.229950      0.541967         1         0.001
    816      24.259680      0.541967         1         0.001
    817      24.289410      0.541967         1         0.001
    818      24.319140      0.541967         1         0.001
    819      24.348870      0.541967         1         0.001
    820      24.378600      0.541967         1         0.001
    821      24.408330      0.541967         1         0.001
    822      24.438060      0.541967         1         0.001
    823      24.467790      0.541967         1         0.001
    824      24.497520      0.541967         1         0.001
    825      24.527250      0.541967         1         0.001
    826      24.556980      0.541967         1         0.001
    827      24.586710      0.541967         1         0.001
    828      24.616440      0.541967         1         0.001
    829      24.646170      0.541967         1         0.001
    830      24.675900      0.541967         1         0.001
    831      24.705630      0.541967         1         0.001
    832      24.735360      0.541967         1         0.001
    833      24.765090      0.541967         1         0.001
    834      24.794820      0.541967         1         0.001
    835      24.824550      0.541967         1         0.001
    836      24.854280      0.541967         1         0.001
    837      24.884010      0.541967         1         0.001
    838      24.913740      0.541967         1         0.001
    839      24.943470      0.541967         1         0.001
    840      24.973200      0.541967         1         0.001
    841      25.002930      0.541967         1         0.001
    842      25.032660      0.541967         1         0.001
    843      25.062390      0.541967         1         0.001
    844      25.092120      0.541967         1         0.001
    845      25.121850      0.541967         1         0.001
    846      25.151580      0.541967         1         0.001
    847      25.181310      0.541967         1         0.001
    848      25.211040      0.541967         1         0.001
    849      25.240770      0.541967         1         0.001
    850      25.270500      0.541967         1         0.001
Info: Writing output to output_iter/td.0000850

             Info: Writing states. 2024/05/05 at 15:03:54


        Info: Finished writing states. 2024/05/05 at 15:03:54

    851      25.300230      0.541967         1         0.114
    852      25.329960      0.541967         1         0.001
    853      25.359690      0.541967         1         0.001
    854      25.389420      0.541967         1         0.001
    855      25.419150      0.541967         1         0.001
    856      25.448880      0.541967         1         0.001
    857      25.478610      0.541967         1         0.001
    858      25.508340      0.541967         1         0.001
    859      25.538070      0.541967         1         0.001
    860      25.567800      0.541967         1         0.001
    861      25.597530      0.541967         1         0.001
    862      25.627260      0.541967         1         0.001
    863      25.656990      0.541967         1         0.001
    864      25.686720      0.541967         1         0.001
    865      25.716450      0.541967         1         0.001
    866      25.746180      0.541967         1         0.001
    867      25.775910      0.541967         1         0.001
    868      25.805640      0.541967         1         0.001
    869      25.835370      0.541967         1         0.001
    870      25.865100      0.541967         1         0.001
    871      25.894830      0.541967         1         0.001
    872      25.924560      0.541967         1         0.001
    873      25.954290      0.541967         1         0.001
    874      25.984020      0.541967         1         0.001
    875      26.013750      0.541967         1         0.001
    876      26.043480      0.541967         1         0.001
    877      26.073210      0.541967         1         0.001
    878      26.102940      0.541967         1         0.001
    879      26.132670      0.541967         1         0.001
    880      26.162400      0.541967         1         0.001
    881      26.192130      0.541967         1         0.001
    882      26.221860      0.541967         1         0.001
    883      26.251590      0.541967         1         0.001
    884      26.281320      0.541967         1         0.001
    885      26.311050      0.541967         1         0.001
    886      26.340780      0.541967         1         0.001
    887      26.370510      0.541967         1         0.001
    888      26.400240      0.541967         1         0.001
    889      26.429970      0.541967         1         0.001
    890      26.459700      0.541967         1         0.001
    891      26.489430      0.541967         1         0.001
    892      26.519160      0.541967         1         0.001
    893      26.548890      0.541967         1         0.001
    894      26.578620      0.541967         1         0.001
    895      26.608350      0.541967         1         0.001
    896      26.638080      0.541967         1         0.001
    897      26.667810      0.541967         1         0.001
    898      26.697540      0.541967         1         0.001
    899      26.727270      0.541967         1         0.001
    900      26.757000      0.541967         1         0.001
Info: Writing output to output_iter/td.0000900

             Info: Writing states. 2024/05/05 at 15:03:54


        Info: Finished writing states. 2024/05/05 at 15:03:54

    901      26.786730      0.541967         1         0.329
    902      26.816460      0.541967         1         0.001
    903      26.846190      0.541967         1         0.001
    904      26.875920      0.541967         1         0.001
    905      26.905650      0.541967         1         0.001
    906      26.935380      0.541967         1         0.001
    907      26.965110      0.541967         1         0.001
    908      26.994840      0.541967         1         0.001
    909      27.024570      0.541967         1         0.001
    910      27.054300      0.541967         1         0.001
    911      27.084030      0.541967         1         0.001
    912      27.113760      0.541967         1         0.001
    913      27.143490      0.541967         1         0.001
    914      27.173220      0.541967         1         0.001
    915      27.202950      0.541967         1         0.001
    916      27.232680      0.541967         1         0.001
    917      27.262410      0.541967         1         0.001
    918      27.292140      0.541967         1         0.001
    919      27.321870      0.541967         1         0.001
    920      27.351600      0.541967         1         0.001
    921      27.381330      0.541967         1         0.001
    922      27.411060      0.541967         1         0.001
    923      27.440790      0.541967         1         0.001
    924      27.470520      0.541967         1         0.001
    925      27.500250      0.541967         1         0.001
    926      27.529980      0.541967         1         0.001
    927      27.559710      0.541967         1         0.001
    928      27.589440      0.541967         1         0.001
    929      27.619170      0.541967         1         0.001
    930      27.648900      0.541967         1         0.001
    931      27.678630      0.541967         1         0.001
    932      27.708360      0.541967         1         0.001
    933      27.738090      0.541967         1         0.001
    934      27.767820      0.541967         1         0.001
    935      27.797550      0.541967         1         0.001
    936      27.827280      0.541967         1         0.001
    937      27.857010      0.541967         1         0.001
    938      27.886740      0.541967         1         0.001
    939      27.916470      0.541967         1         0.001
    940      27.946200      0.541967         1         0.001
    941      27.975930      0.541967         1         0.001
    942      28.005660      0.541967         1         0.001
    943      28.035390      0.541967         1         0.001
    944      28.065120      0.541967         1         0.001
    945      28.094850      0.541967         1         0.001
    946      28.124580      0.541967         1         0.001
    947      28.154310      0.541967         1         0.001
    948      28.184040      0.541967         1         0.001
    949      28.213770      0.541967         1         0.001
    950      28.243500      0.541967         1         0.001
Info: Writing output to output_iter/td.0000950

             Info: Writing states. 2024/05/05 at 15:03:54


        Info: Finished writing states. 2024/05/05 at 15:03:54

    951      28.273230      0.541967         1         0.107
    952      28.302960      0.541967         1         0.001
    953      28.332690      0.541967         1         0.001
    954      28.362420      0.541967         1         0.001
    955      28.392150      0.541967         1         0.001
    956      28.421880      0.541967         1         0.001
    957      28.451610      0.541967         1         0.001
    958      28.481340      0.541967         1         0.001
    959      28.511070      0.541967         1         0.001
    960      28.540800      0.541967         1         0.001
    961      28.570530      0.541967         1         0.001
    962      28.600260      0.541967         1         0.001
    963      28.629990      0.541967         1         0.001
    964      28.659720      0.541967         1         0.001
    965      28.689450      0.541967         1         0.001
    966      28.719180      0.541967         1         0.001
    967      28.748910      0.541967         1         0.001
    968      28.778640      0.541967         1         0.001
    969      28.808370      0.541967         1         0.001
    970      28.838100      0.541967         1         0.001
    971      28.867830      0.541967         1         0.001
    972      28.897560      0.541967         1         0.001
    973      28.927290      0.541967         1         0.001
    974      28.957020      0.541967         1         0.001
    975      28.986750      0.541967         1         0.001
    976      29.016480      0.541967         1         0.001
    977      29.046210      0.541967         1         0.001
    978      29.075940      0.541967         1         0.001
    979      29.105670      0.541967         1         0.001
    980      29.135400      0.541968         1         0.001
    981      29.165130      0.541968         1         0.001
    982      29.194860      0.541968         1         0.001
    983      29.224590      0.541968         1         0.001
    984      29.254320      0.541968         1         0.001
    985      29.284050      0.541968         1         0.001
    986      29.313780      0.541968         1         0.001
    987      29.343510      0.541968         1         0.001
    988      29.373240      0.541968         1         0.001
    989      29.402970      0.541968         1         0.001
    990      29.432700      0.541968         1         0.001
    991      29.462430      0.541968         1         0.001
    992      29.492160      0.541968         1         0.001
    993      29.521890      0.541968         1         0.001
    994      29.551620      0.541968         1         0.001
    995      29.581350      0.541968         1         0.001
    996      29.611080      0.541968         1         0.001
    997      29.640810      0.541968         1         0.001
    998      29.670540      0.541968         1         0.001
    999      29.700270      0.541968         1         0.001
   1000      29.730000      0.541968         1         0.001
Info: Writing output to output_iter/td.0001000

             Info: Writing states. 2024/05/05 at 15:03:54


        Info: Finished writing states. 2024/05/05 at 15:03:54

   1001      29.759730      0.541968         1         0.299
   1002      29.789460      0.541968         1         0.001
   1003      29.819190      0.541968         1         0.001
   1004      29.848920      0.541968         1         0.001
   1005      29.878650      0.541968         1         0.001
   1006      29.908380      0.541968         1         0.001
   1007      29.938110      0.541968         1         0.001
   1008      29.967840      0.541968         1         0.001
   1009      29.997570      0.541968         1         0.001
   1010      30.027300      0.541968         1         0.001
   1011      30.057030      0.541968         1         0.001
   1012      30.086760      0.541968         1         0.001
   1013      30.116490      0.541968         1         0.001
   1014      30.146220      0.541968         1         0.001
   1015      30.175950      0.541968         1         0.001
   1016      30.205680      0.541968         1         0.001
   1017      30.235410      0.541968         1         0.001
   1018      30.265140      0.541968         1         0.001
   1019      30.294870      0.541968         1         0.001
   1020      30.324600      0.541968         1         0.001
   1021      30.354330      0.541968         1         0.001
   1022      30.384060      0.541968         1         0.001
   1023      30.413790      0.541968         1         0.001
   1024      30.443520      0.541968         1         0.001
   1025      30.473250      0.541968         1         0.001
   1026      30.502980      0.541968         1         0.001
   1027      30.532710      0.541968         1         0.001
   1028      30.562440      0.541968         1         0.001
   1029      30.592170      0.541968         1         0.001
   1030      30.621900      0.541968         1         0.001
   1031      30.651630      0.541968         1         0.001
   1032      30.681360      0.541968         1         0.001
   1033      30.711090      0.541968         1         0.001
   1034      30.740820      0.541968         1         0.001
   1035      30.770550      0.541968         1         0.001
   1036      30.800280      0.541968         1         0.001
   1037      30.830010      0.541968         1         0.001
   1038      30.859740      0.541968         1         0.001
   1039      30.889470      0.541968         1         0.001
   1040      30.919200      0.541968         1         0.001
   1041      30.948930      0.541968         1         0.001
   1042      30.978660      0.541968         1         0.001
   1043      31.008390      0.541968         1         0.001
   1044      31.038120      0.541968         1         0.001
   1045      31.067850      0.541968         1         0.001
   1046      31.097580      0.541968         1         0.001
   1047      31.127310      0.541968         1         0.001
   1048      31.157040      0.541968         1         0.001
   1049      31.186770      0.541968         1         0.001
   1050      31.216500      0.541968         1         0.001
Info: Writing output to output_iter/td.0001050

             Info: Writing states. 2024/05/05 at 15:03:55


        Info: Finished writing states. 2024/05/05 at 15:03:55

   1051      31.246230      0.541968         1         0.571
   1052      31.275960      0.541968         1         0.001
   1053      31.305690      0.541968         1         0.001
   1054      31.335420      0.541968         1         0.001
   1055      31.365150      0.541968         1         0.001
   1056      31.394880      0.541968         1         0.001
   1057      31.424610      0.541968         1         0.001
   1058      31.454340      0.541968         1         0.001
   1059      31.484070      0.541968         1         0.001
   1060      31.513800      0.541968         1         0.001
   1061      31.543530      0.541968         1         0.001
   1062      31.573260      0.541968         1         0.001
   1063      31.602990      0.541968         1         0.001
   1064      31.632720      0.541968         1         0.001
   1065      31.662450      0.541968         1         0.001
   1066      31.692180      0.541968         1         0.001
   1067      31.721910      0.541968         1         0.001
   1068      31.751640      0.541968         1         0.001
   1069      31.781370      0.541968         1         0.001
   1070      31.811100      0.541968         1         0.001
   1071      31.840830      0.541968         1         0.001
   1072      31.870560      0.541968         1         0.001
   1073      31.900290      0.541968         1         0.001
   1074      31.930020      0.541968         1         0.001
   1075      31.959750      0.541968         1         0.001
   1076      31.989480      0.541968         1         0.001
   1077      32.019210      0.541968         1         0.001
   1078      32.048940      0.541968         1         0.001
   1079      32.078670      0.541968         1         0.001
   1080      32.108400      0.541968         1         0.001
   1081      32.138130      0.541968         1         0.001
   1082      32.167860      0.541968         1         0.001
   1083      32.197590      0.541968         1         0.001
   1084      32.227320      0.541968         1         0.001
   1085      32.257050      0.541968         1         0.001
   1086      32.286780      0.541968         1         0.001
   1087      32.316510      0.541968         1         0.001
   1088      32.346240      0.541968         1         0.001
   1089      32.375970      0.541968         1         0.001
   1090      32.405700      0.541969         1         0.001
   1091      32.435430      0.541969         1         0.001
   1092      32.465160      0.541969         1         0.001
   1093      32.494890      0.541969         1         0.001
   1094      32.524620      0.541969         1         0.001
   1095      32.554350      0.541969         1         0.001
   1096      32.584080      0.541969         1         0.001
   1097      32.613810      0.541969         1         0.001
   1098      32.643540      0.541969         1         0.001
   1099      32.673270      0.541969         1         0.001
   1100      32.703000      0.541969         1         0.001
Info: Writing output to output_iter/td.0001100

             Info: Writing states. 2024/05/05 at 15:03:56


        Info: Finished writing states. 2024/05/05 at 15:03:56

   1101      32.732730      0.541969         1         0.556
   1102      32.762460      0.541969         1         0.001
   1103      32.792190      0.541969         1         0.001
   1104      32.821920      0.541969         1         0.001
   1105      32.851650      0.541969         1         0.001
   1106      32.881380      0.541969         1         0.001
   1107      32.911110      0.541969         1         0.001
   1108      32.940840      0.541969         1         0.001
   1109      32.970570      0.541969         1         0.001
   1110      33.000300      0.541969         1         0.001
   1111      33.030030      0.541969         1         0.001
   1112      33.059760      0.541969         1         0.001

             Info: Writing states. 2024/05/05 at 15:03:56


        Info: Finished writing states. 2024/05/05 at 15:03:56

Info: Finished writing information to 'restart/td'.

             Calculation ended on 2024/05/05 at 15:03:56

                          Walltime:  05.759s

Octopus emitted 1 warning.

Parser warning: possible mistakes in input file.
List of variable assignments not used by parser:
userdefinedstates[0][4] = "exp(-a*(x-x0)^2+i*p*(x-x0))"
p = -1.500000
x0 = 10.000000
a = 0.100000

