# Octopus parser started
ExperimentalFeatures = 0		# default
Debug = 0		# default
DebugTrapSignals = 1		# default
Walltime = 0		# default
RestartWriteTime = 5		# default
RestartWallTimePeriod = 120		# default
ReportMemory = 0		# default
CalculationMode = 1
stdout = "-"		# default
stderr = "-"		# default
WorkDir = "."		# default
ProfilingMode = 0		# default
UnitsOutput = 0		# default
UnitsXYZFiles = 1		# default
DisableAccel = 1		# default
FFTOptimize = 1		# default
FFTPreparePlan = 0		# default
FFTLibrary = 1		# default
PNFFTCutoff = 6		# default
PNFFTOversampling = 2		# default
Dimensions = 2
PeriodicDimensions = 0		# default
Dimensions = 2
PeriodicDimensions = 0		# default
PseudopotentialSet = 1		# default
Opened block 'Coordinates'
Coordinates[0][0] = "helium"
Coordinates[0][1] = 0
Coordinates[0][2] = 0
Closed block 'Coordinates'
Opened block 'Species'
Species[0][0] = "helium"
Species[0][1] = -123
Species[0][2] = -10012
Species[0][3] = "-2/(1+x^2)^(1/2)-2/(1+y^2)^(1/2)+1/(1+(x-y)^2)^(1/2)"
Species[0][4] = -10006
Species[0][5] = 1
Closed block 'Species'
SpinComponents = 1		# default
SpeciesTimeDependent = 0		# default
SymmetriesCompute = 0		# default
SymmetriesTolerance = 1e-05		# default
EwaldAlpha = 0.21		# default
ForceTotalEnforce = 0		# default
BoxShape = 4
Lsize = 8
Spacing = 0.1
CurvMethod = 1		# default
DerivativesStencil = 1		# default
DerivativesOrder = 4		# default
ParallelizationOfDerivatives = 2		# default
MeshIndexType = 1		# default
MeshOrder = 1		# default
MeshBlockDirection = 1		# default
MeshOrder = 1		# default
MeshBlockDirection = 1		# default
KPointsUseSymmetries = 0		# default
KPointsUseTimeReversal = 0		# default
SpinComponents = 1		# default
ExcessCharge = 0		# default
TotalStates = 0		# default
ExtraStates = 0		# default
ExtraStatesToConverge = 0		# default
StatesBlockSize = 1		# default
OnlyUserDefinedInitialStates = 0		# default
StatesRandomization = 1		# default
RestartFixedOccupations = 1		# default
SmearingFunction = 1		# default
NParticleModelmb = 0		# default
SymmetrizeDensity = 0		# default
ForceComplex = 0		# default
ELFWithCurrentTerm = 1		# default
ReorderRanks = 0		# default
ParDomains = -1		# default
ParStates = 0		# default
ParKPoints = -1		# default
ParOther = 0		# default
ParallelizationNumberSlaves = 0		# default
ScaLAPACKCompatible = 1		# default
MeshPartitionVirtualSize = 56		# default
MeshPartitionPackage = 1		# default
MeshPartitionStencil = 1		# default
MeshPartition = 2		# default
RestartWrite = 1		# default
MeshUseTopology = 0		# default
MeshLocalOrder = 1		# default
MeshLocalBlockDirection = 1		# default
PartitionPrint = 1		# default
OperateDouble = 1		# default
OperateComplex = 1		# default
OperateSingle = 0		# default
OperateComplexSingle = 0		# default
NLOperatorCompactBoundaries = 0		# default
Opened block 'Output'
Output[0][0] = 3
OutputInterval = 50		# default
Output[0][1] = 32
Closed block 'Output'
OutputWfsNumber = "1-1"		# default
OutputDuringSCF = 0		# default
RestartWriteInterval = 50		# default
OutputIterDir = "output_iter"		# default
StatesPack = 1		# default
StatesOrthogonalization = 1		# default
StatesCLDeviceMemory = -512		# default
TheoryLevel = 2
XCFunctional = 0		# default
XCKernel = 0		# default
XCKernelLRCAlpha = 0		# default
XCDensityCorrection = 0		# default
ParallelXC = 1		# default
CurrentDensity = 2		# default
VDWCorrection = 0		# default
EnablePhotons = 0		# default
Dimensions = 2
PeriodicDimensions = 0		# default
GaugeFieldDynamics = 1		# default
GaugeFieldPropagate = 0		# default
GaugeFieldDelay = 0		# default
ParticleMass = 1		# default
RashbaSpinOrbitCoupling = 0		# default
DressedOrbitals = 0		# default
ParallelizationPoissonAllNodes = 1		# default
PoissonSolver = 0		# default
FFTLibrary = 1		# default
PoissonFFTKernel = 0		# default
DoubleFFTParameter = 2		# default
PoissonCutoffRadius = 16.25		# default
FilterPotentials = 2		# default
GyromagneticRatio = 2.00232		# default
RelativisticCorrection = 0		# default
TDDeltaKickTime = 0		# default
TDDeltaStrength = 0		# default
CalculateSelfInducedMagneticField = 0		# default
AbsorbingBoundaries = 0		# default
DFTULevel = 0		# default
HamiltonianApplyPacked = 1		# default
TimeZero = 0		# default
Dimensions = 2
PeriodicDimensions = 0		# default
PCMCalculation = 0		# default
MagneticConstrain = 0		# default
FromScratch = 0		# default
MaximumIter = 200		# default
ConvEnergy = 0		# default
ConvAbsDens = 0		# default
ConvRelDens = 1e-06		# default
ConvAbsEv = 0		# default
ConvRelEv = 0		# default
ConvEigenError = 0		# default
MixField = 0		# default
Eigensolver = 5		# default
CGOrthogonalizeAll = 0		# default
CGDirection = 1		# default
CGAdditionalTerms = 0		# default
CGEnergyChangeThreshold = 0.1		# default
EigensolverTolerance = 1e-07		# default
EigensolverMaxIter = 25		# default
Preconditioner = 1		# default
PreconditionerFilterFactor = 0.5		# default
SubspaceDiagonalization = 1		# default
EigensolverSkipKpoints = 0		# default
SCFinLCAO = 0		# default
SCFCalculateForces = 0		# default
SCFCalculateStress = 0		# default
SCFCalculateDipole = 1		# default
SCFCalculatePartialCharges = 0		# default
LocalMagneticMomentsSphereRadius = 100		# default
LCAOStart = 0		# default
RestartWrite = 1		# default
# Octopus parser ended
